[460C:4AF0][2026-01-13T11:07:13]i001: Burn v3.14.0.5722, Windows v10.0 (Build 19045: Service Pack 0), path: C:\Users\falhe\AppData\Local\Temp\{F5DD9D0D-11A1-48DF-9C58-1EC9A400260E}\.cr\python-3.11.6-amd64.exe
[460C:4AF0][2026-01-13T11:07:13]i000: Initializing string variable 'ActionLikeInstalling' to value 'Installing'
[460C:4AF0][2026-01-13T11:07:13]i000: Initializing string variable 'ActionLikeInstallation' to value 'Setup'
[460C:4AF0][2026-01-13T11:07:13]i000: Initializing string variable 'ShortVersion' to value '3.11'
[460C:4AF0][2026-01-13T11:07:13]i000: Initializing numeric variable 'ShortVersionNoDot' to value '311'
[460C:4AF0][2026-01-13T11:07:13]i000: Initializing string variable 'WinVer' to value '3.11'
[460C:4AF0][2026-01-13T11:07:13]i000: Initializing numeric variable 'WinVerNoDot' to value '311'
[460C:4AF0][2026-01-13T11:07:13]i000: Initializing numeric variable 'InstallAllUsers' to value '0'
[460C:4AF0][2026-01-13T11:07:13]i000: Initializing numeric variable 'InstallLauncherAllUsers' to value '1'
[460C:4AF0][2026-01-13T11:07:13]i000: Initializing string variable 'TargetDir' to value ''
[460C:4AF0][2026-01-13T11:07:13]i000: Initializing string variable 'DefaultAllUsersTargetDir' to value '[ProgramFiles64Folder]Python[WinVerNoDot]'
[460C:4AF0][2026-01-13T11:07:13]i000: Initializing string variable 'TargetPlatform' to value 'x64'
[460C:4AF0][2026-01-13T11:07:13]i000: Initializing string variable 'DefaultJustForMeTargetDir' to value '[LocalAppDataFolder]Programs\Python\Python[WinVerNoDot]'
[460C:4AF0][2026-01-13T11:07:13]i000: Initializing string variable 'OptionalFeaturesRegistryKey' to value 'Software\Python\PythonCore\[WinVer]\InstalledFeatures'
[460C:4AF0][2026-01-13T11:07:13]i000: Initializing string variable 'TargetDirRegistryKey' to value 'Software\Python\PythonCore\[WinVer]\InstallPath'
[460C:4AF0][2026-01-13T11:07:13]i000: Initializing string variable 'DefaultCustomTargetDir' to value ''
[460C:4AF0][2026-01-13T11:07:13]i000: Initializing string variable 'InstallAllUsersState' to value 'enabled'
[460C:4AF0][2026-01-13T11:07:13]i000: Initializing string variable 'InstallLauncherAllUsersState' to value 'enabled'
[460C:4AF0][2026-01-13T11:07:13]i000: Initializing string variable 'CustomInstallLauncherAllUsersState' to value '[InstallLauncherAllUsersState]'
[460C:4AF0][2026-01-13T11:07:13]i000: Initializing string variable 'TargetDirState' to value 'enabled'
[460C:4AF0][2026-01-13T11:07:13]i000: Initializing string variable 'CustomBrowseButtonState' to value 'enabled'
[460C:4AF0][2026-01-13T11:07:13]i000: Initializing numeric variable 'Include_core' to value '1'
[460C:4AF0][2026-01-13T11:07:13]i000: Initializing numeric variable 'Include_exe' to value '1'
[460C:4AF0][2026-01-13T11:07:13]i000: Initializing numeric variable 'Include_dev' to value '1'
[460C:4AF0][2026-01-13T11:07:13]i000: Initializing numeric variable 'Include_lib' to value '1'
[460C:4AF0][2026-01-13T11:07:13]i000: Initializing numeric variable 'Include_test' to value '1'
[460C:4AF0][2026-01-13T11:07:13]i000: Initializing numeric variable 'Include_doc' to value '1'
[460C:4AF0][2026-01-13T11:07:13]i000: Initializing numeric variable 'Include_tools' to value '1'
[460C:4AF0][2026-01-13T11:07:13]i000: Initializing numeric variable 'Include_tcltk' to value '1'
[460C:4AF0][2026-01-13T11:07:13]i000: Initializing numeric variable 'Include_pip' to value '1'
[460C:4AF0][2026-01-13T11:07:13]i000: Initializing numeric variable 'Include_launcher' to value '-1'
[460C:4AF0][2026-01-13T11:07:13]i000: Initializing string variable 'Include_launcherState' to value 'enabled'
[460C:4AF0][2026-01-13T11:07:13]i000: Initializing numeric variable 'Include_symbols' to value '0'
[460C:4AF0][2026-01-13T11:07:13]i000: Initializing numeric variable 'Include_debug' to value '0'
[460C:4AF0][2026-01-13T11:07:13]i000: Initializing numeric variable 'LauncherOnly' to value '0'
[460C:4AF0][2026-01-13T11:07:13]i000: Initializing numeric variable 'DetectedLauncher' to value '0'
[460C:4AF0][2026-01-13T11:07:13]i000: Initializing numeric variable 'DetectedOldLauncher' to value '0'
[460C:4AF0][2026-01-13T11:07:13]i000: Initializing numeric variable 'AssociateFiles' to value '1'
[460C:4AF0][2026-01-13T11:07:13]i000: Initializing numeric variable 'Shortcuts' to value '1'
[460C:4AF0][2026-01-13T11:07:13]i000: Initializing numeric variable 'PrependPath' to value '0'
[460C:4AF0][2026-01-13T11:07:13]i000: Initializing numeric variable 'AppendPath' to value '0'
[460C:4AF0][2026-01-13T11:07:13]i000: Initializing numeric variable 'CompileAll' to value '0'
[460C:4AF0][2026-01-13T11:07:13]i000: Initializing numeric variable 'SimpleInstall' to value '0'
[460C:4AF0][2026-01-13T11:07:13]i000: Initializing string variable 'SimpleInstallDescription' to value ''
[460C:4AF0][2026-01-13T11:07:13]i009: Command Line: '-burn.clean.room=C:\Users\falhe\Downloads\delusional-fix-libs\delusional-fix-libs\python-3.11.6-amd64.exe -burn.filehandle.attached=700 -burn.filehandle.self=588 /quiet PrependPath=1 /log install-python-user.log'
[460C:4AF0][2026-01-13T11:07:13]i000: Setting string variable 'WixBundleOriginalSource' to value 'C:\Users\falhe\Downloads\delusional-fix-libs\delusional-fix-libs\python-3.11.6-amd64.exe'
[460C:4AF0][2026-01-13T11:07:13]i000: Setting string variable 'WixBundleOriginalSourceFolder' to value 'C:\Users\falhe\Downloads\delusional-fix-libs\delusional-fix-libs\'
[460C:4AF0][2026-01-13T11:07:13]i000: Setting string variable 'WixBundleLog' to value 'C:\Users\falhe\Downloads\delusional-fix-libs\delusional-fix-libs\install-python-user.log'
[460C:4AF0][2026-01-13T11:07:13]i000: Setting string variable 'WixBundleManufacturer' to value 'Python Software Foundation'
[460C:4AF0][2026-01-13T11:07:13]i000: Setting numeric variable 'CRTInstalled' to value 1
[460C:22D4][2026-01-13T11:07:13]i000: Loading state of optional features
[460C:22D4][2026-01-13T11:07:13]i000: Setting numeric variable 'Include_debug' to value 0
[460C:22D4][2026-01-13T11:07:13]i000: Setting numeric variable 'Include_symbols' to value 0
[460C:22D4][2026-01-13T11:07:13]i000: Setting numeric variable 'Include_dev' to value 1
[460C:22D4][2026-01-13T11:07:13]i000: Setting numeric variable 'Include_doc' to value 1
[460C:22D4][2026-01-13T11:07:13]i000: Setting numeric variable 'Include_exe' to value 1
[460C:22D4][2026-01-13T11:07:13]i000: Setting numeric variable 'Include_lib' to value 1
[460C:22D4][2026-01-13T11:07:13]i000: Setting numeric variable 'PrependPath' to value 1
[460C:22D4][2026-01-13T11:07:13]i000: Setting numeric variable 'AppendPath' to value 0
[460C:22D4][2026-01-13T11:07:13]i000: Setting numeric variable 'Include_pip' to value 1
[460C:22D4][2026-01-13T11:07:13]i000: Setting numeric variable 'Include_tcltk' to value 1
[460C:22D4][2026-01-13T11:07:13]i000: Setting numeric variable 'Include_test' to value 1
[460C:22D4][2026-01-13T11:07:13]i000: Setting numeric variable 'Include_tools' to value 1
[460C:22D4][2026-01-13T11:07:13]i000: Setting numeric variable 'Shortcuts' to value 1
[460C:22D4][2026-01-13T11:07:13]i000: Setting string variable 'InstallAllUsersState' to value 'disable'
[460C:22D4][2026-01-13T11:07:13]i000: Setting string variable 'TargetDir' to value 'C:\Users\falhe\AppData\Local\Programs\Python\Python311\'
[460C:22D4][2026-01-13T11:07:13]i000: Did not find C:\Users\falhe\Downloads\delusional-fix-libs\delusional-fix-libs\unattend.xml
[460C:22D4][2026-01-13T11:07:13]i000: Setting numeric variable 'PrependPath' to value 1
[460C:22D4][2026-01-13T11:07:13]i000: Setting string variable 'ActionLikeInstalling' to value 'Updating'
[460C:22D4][2026-01-13T11:07:13]i000: Setting string variable 'ActionLikeInstallation' to value 'Modify'
[460C:22D4][2026-01-13T11:07:13]i000: Setting version variable 'WixBundleFileVersion' to value '3.11.6150.0'
[460C:22D4][2026-01-13T11:07:13]i000: Target OS is Windows 10 or later
[460C:4AF0][2026-01-13T11:07:13]i100: Detect begin, 54 packages
[460C:4AF0][2026-01-13T11:07:13]i000: Setting numeric variable 'InstallLauncherAllUsers' to value 1
[460C:4AF0][2026-01-13T11:07:13]i000: Setting numeric variable 'Include_launcher' to value 1
[460C:4AF0][2026-01-13T11:07:13]i000: Setting numeric variable 'DetectedLauncher' to value 1
[460C:4AF0][2026-01-13T11:07:13]i000: Setting string variable 'Include_launcherState' to value 'disable'
[460C:4AF0][2026-01-13T11:07:13]i000: Setting string variable 'InstallLauncherAllUsersState' to value 'disable'
[460C:4AF0][2026-01-13T11:07:13]i000: Setting numeric variable 'AssociateFiles' to value 1
[460C:4AF0][2026-01-13T11:07:13]i101: Detected package: ucrt_AllUsers, state: Absent, cached: None
[460C:4AF0][2026-01-13T11:07:13]i101: Detected package: ucrt_JustForMe, state: Absent, cached: None
[460C:4AF0][2026-01-13T11:07:13]i101: Detected package: core_AllUsers, state: Absent, cached: None
[460C:4AF0][2026-01-13T11:07:13]i101: Detected package: core_AllUsers_pdb, state: Absent, cached: None
[460C:4AF0][2026-01-13T11:07:13]i101: Detected package: core_AllUsers_d, state: Absent, cached: None
[460C:4AF0][2026-01-13T11:07:13]i101: Detected package: core_JustForMe, state: Present, cached: Complete
[460C:4AF0][2026-01-13T11:07:13]i101: Detected package: core_JustForMe_pdb, state: Absent, cached: None
[460C:4AF0][2026-01-13T11:07:13]i101: Detected package: core_JustForMe_d, state: Absent, cached: None
[460C:4AF0][2026-01-13T11:07:13]i101: Detected package: exe_AllUsers, state: Absent, cached: None
[460C:4AF0][2026-01-13T11:07:13]i104: Detected package: exe_AllUsers, feature: DefaultFeature, state: Absent
[460C:4AF0][2026-01-13T11:07:13]i104: Detected package: exe_AllUsers, feature: Shortcuts, state: Absent
[460C:4AF0][2026-01-13T11:07:13]i101: Detected package: exe_AllUsers_pdb, state: Absent, cached: None
[460C:4AF0][2026-01-13T11:07:13]i101: Detected package: exe_AllUsers_d, state: Absent, cached: None
[460C:4AF0][2026-01-13T11:07:13]i101: Detected package: exe_JustForMe, state: Present, cached: Complete
[460C:4AF0][2026-01-13T11:07:13]i104: Detected package: exe_JustForMe, feature: DefaultFeature, state: Local
[460C:4AF0][2026-01-13T11:07:13]i104: Detected package: exe_JustForMe, feature: Shortcuts, state: Local
[460C:4AF0][2026-01-13T11:07:13]i101: Detected package: exe_JustForMe_pdb, state: Absent, cached: None
[460C:4AF0][2026-01-13T11:07:13]i101: Detected package: exe_JustForMe_d, state: Absent, cached: None
[460C:4AF0][2026-01-13T11:07:13]i101: Detected package: dev_AllUsers, state: Absent, cached: None
[460C:4AF0][2026-01-13T11:07:13]i101: Detected package: dev_AllUsers_d, state: Absent, cached: None
[460C:4AF0][2026-01-13T11:07:13]i101: Detected package: dev_JustForMe, state: Present, cached: Complete
[460C:4AF0][2026-01-13T11:07:13]i101: Detected package: dev_JustForMe_d, state: Absent, cached: None
[460C:4AF0][2026-01-13T11:07:13]i101: Detected package: lib_AllUsers, state: Absent, cached: Complete
[460C:4AF0][2026-01-13T11:07:13]i101: Detected package: lib_AllUsers_pdb, state: Absent, cached: None
[460C:4AF0][2026-01-13T11:07:13]i101: Detected package: lib_AllUsers_d, state: Absent, cached: None
[460C:4AF0][2026-01-13T11:07:13]i101: Detected package: lib_JustForMe, state: Present, cached: Complete
[460C:4AF0][2026-01-13T11:07:13]i101: Detected package: lib_JustForMe_pdb, state: Absent, cached: None
[460C:4AF0][2026-01-13T11:07:13]i101: Detected package: lib_JustForMe_d, state: Absent, cached: None
[460C:4AF0][2026-01-13T11:07:13]i101: Detected package: test_AllUsers, state: Absent, cached: Complete
[460C:4AF0][2026-01-13T11:07:13]i101: Detected package: test_AllUsers_pdb, state: Absent, cached: None
[460C:4AF0][2026-01-13T11:07:13]i101: Detected package: test_AllUsers_d, state: Absent, cached: None
[460C:4AF0][2026-01-13T11:07:13]i101: Detected package: test_JustForMe, state: Present, cached: Complete
[460C:4AF0][2026-01-13T11:07:13]i101: Detected package: test_JustForMe_pdb, state: Absent, cached: None
[460C:4AF0][2026-01-13T11:07:13]i101: Detected package: test_JustForMe_d, state: Absent, cached: None
[460C:4AF0][2026-01-13T11:07:13]i101: Detected package: doc_AllUsers, state: Absent, cached: Complete
[460C:4AF0][2026-01-13T11:07:13]i104: Detected package: doc_AllUsers, feature: DefaultFeature, state: Absent
[460C:4AF0][2026-01-13T11:07:13]i104: Detected package: doc_AllUsers, feature: Shortcuts, state: Absent
[460C:4AF0][2026-01-13T11:07:13]i101: Detected package: doc_JustForMe, state: Present, cached: Complete
[460C:4AF0][2026-01-13T11:07:13]i104: Detected package: doc_JustForMe, feature: DefaultFeature, state: Local
[460C:4AF0][2026-01-13T11:07:13]i104: Detected package: doc_JustForMe, feature: Shortcuts, state: Local
[460C:4AF0][2026-01-13T11:07:13]i101: Detected package: tools_AllUsers, state: Absent, cached: Complete
[460C:4AF0][2026-01-13T11:07:13]i101: Detected package: tools_JustForMe, state: Present, cached: Complete
[460C:4AF0][2026-01-13T11:07:13]i101: Detected package: tcltk_AllUsers, state: Absent, cached: Complete
[460C:4AF0][2026-01-13T11:07:13]i104: Detected package: tcltk_AllUsers, feature: DefaultFeature, state: Absent
[460C:4AF0][2026-01-13T11:07:13]i104: Detected package: tcltk_AllUsers, feature: AssociateFiles, state: Absent
[460C:4AF0][2026-01-13T11:07:13]i104: Detected package: tcltk_AllUsers, feature: Shortcuts, state: Absent
[460C:4AF0][2026-01-13T11:07:13]i101: Detected package: tcltk_AllUsers_pdb, state: Absent, cached: None
[460C:4AF0][2026-01-13T11:07:13]i104: Detected package: tcltk_AllUsers_pdb, feature: Symbols, state: Absent
[460C:4AF0][2026-01-13T11:07:13]i101: Detected package: tcltk_AllUsers_d, state: Absent, cached: None
[460C:4AF0][2026-01-13T11:07:13]i104: Detected package: tcltk_AllUsers_d, feature: DebugBinaries, state: Absent
[460C:4AF0][2026-01-13T11:07:13]i101: Detected package: tcltk_JustForMe, state: Present, cached: Complete
[460C:4AF0][2026-01-13T11:07:13]i104: Detected package: tcltk_JustForMe, feature: DefaultFeature, state: Local
[460C:4AF0][2026-01-13T11:07:13]i104: Detected package: tcltk_JustForMe, feature: AssociateFiles, state: Local
[460C:4AF0][2026-01-13T11:07:13]i104: Detected package: tcltk_JustForMe, feature: Shortcuts, state: Local
[460C:4AF0][2026-01-13T11:07:13]i101: Detected package: tcltk_JustForMe_pdb, state: Absent, cached: None
[460C:4AF0][2026-01-13T11:07:13]i104: Detected package: tcltk_JustForMe_pdb, feature: Symbols, state: Absent
[460C:4AF0][2026-01-13T11:07:13]i101: Detected package: tcltk_JustForMe_d, state: Absent, cached: None
[460C:4AF0][2026-01-13T11:07:13]i104: Detected package: tcltk_JustForMe_d, feature: DebugBinaries, state: Absent
[460C:4AF0][2026-01-13T11:07:13]i101: Detected package: launcher_AllUsers, state: Present, cached: Complete
[460C:4AF0][2026-01-13T11:07:13]i104: Detected package: launcher_AllUsers, feature: DefaultFeature, state: Local
[460C:4AF0][2026-01-13T11:07:13]i104: Detected package: launcher_AllUsers, feature: AssociateFiles, state: Local
[460C:4AF0][2026-01-13T11:07:13]i101: Detected package: launcher_JustForMe, state: Absent, cached: None
[460C:4AF0][2026-01-13T11:07:13]i104: Detected package: launcher_JustForMe, feature: DefaultFeature, state: Absent
[460C:4AF0][2026-01-13T11:07:13]i104: Detected package: launcher_JustForMe, feature: AssociateFiles, state: Absent
[460C:4AF0][2026-01-13T11:07:13]i101: Detected package: pip_AllUsers, state: Absent, cached: Complete
[460C:4AF0][2026-01-13T11:07:13]i101: Detected package: pip_JustForMe, state: Present, cached: Complete
[460C:4AF0][2026-01-13T11:07:13]i101: Detected package: path_AllUsers, state: Absent, cached: Complete
[460C:4AF0][2026-01-13T11:07:13]i101: Detected package: path_JustForMe, state: Present, cached: Complete
[460C:4AF0][2026-01-13T11:07:13]i101: Detected package: appendpath_AllUsers, state: Absent, cached: None
[460C:4AF0][2026-01-13T11:07:13]i101: Detected package: appendpath_JustForMe, state: Absent, cached: None
[460C:4AF0][2026-01-13T11:07:13]i101: Detected package: compileall_AllUsers, state: Absent, cached: None
[460C:4AF0][2026-01-13T11:07:13]i101: Detected package: compileallO_AllUsers, state: Absent, cached: None
[460C:4AF0][2026-01-13T11:07:13]i101: Detected package: compileallOO_AllUsers, state: Absent, cached: None
[460C:4AF0][2026-01-13T11:07:13]i101: Detected package: compileall_JustForMe, state: Absent, cached: None
[460C:4AF0][2026-01-13T11:07:13]i101: Detected package: compileallO_JustForMe, state: Absent, cached: None
[460C:4AF0][2026-01-13T11:07:13]i101: Detected package: compileallOO_JustForMe, state: Absent, cached: None
[460C:4AF0][2026-01-13T11:07:13]i199: Detect complete, result: 0x0
[460C:22D4][2026-01-13T11:07:13]i000: Setting string variable 'ActionLikeInstalling' to value 'Updating'
[460C:22D4][2026-01-13T11:07:13]i000: Setting string variable 'ActionLikeInstallation' to value 'Modify'
[460C:4AF0][2026-01-13T11:07:13]i200: Plan begin, 54 packages, action: Modify
[460C:4AF0][2026-01-13T11:07:13]i052: Condition 'InstallAllUsers and not CRTInstalled and (Include_core or Include_exe or Include_pip) and not LauncherOnly' evaluates to false.
[460C:4AF0][2026-01-13T11:07:13]i052: Condition 'InstallAllUsers and not CRTInstalled and (Include_core or Include_exe or Include_pip) and not LauncherOnly' evaluates to false.
[460C:4AF0][2026-01-13T11:07:13]w322: Skipping cross-scope dependency registration on package: ucrt_AllUsers, bundle scope: PerUser, package scope: PerMachine
[460C:4AF0][2026-01-13T11:07:13]i052: Condition 'not InstallAllUsers and not CRTInstalled and (Include_core or Include_exe or Include_pip) and not LauncherOnly' evaluates to false.
[460C:4AF0][2026-01-13T11:07:13]i052: Condition 'not InstallAllUsers and not CRTInstalled and (Include_core or Include_exe or Include_pip) and not LauncherOnly' evaluates to false.
[460C:4AF0][2026-01-13T11:07:13]i052: Condition 'InstallAllUsers and (Include_core or Include_exe or Include_launcher or Include_pip) and not LauncherOnly' evaluates to false.
[460C:4AF0][2026-01-13T11:07:13]i052: Condition 'InstallAllUsers and (Include_core or Include_exe or Include_launcher or Include_pip) and not LauncherOnly' evaluates to false.
[460C:4AF0][2026-01-13T11:07:13]w322: Skipping cross-scope dependency registration on package: core_AllUsers, bundle scope: PerUser, package scope: PerMachine
[460C:4AF0][2026-01-13T11:07:13]i052: Condition 'InstallAllUsers and (Include_core or Include_exe or Include_launcher or Include_pip) and Include_symbols and not LauncherOnly' evaluates to false.
[460C:4AF0][2026-01-13T11:07:13]i052: Condition 'InstallAllUsers and (Include_core or Include_exe or Include_launcher or Include_pip) and Include_symbols and not LauncherOnly' evaluates to false.
[460C:4AF0][2026-01-13T11:07:13]w322: Skipping cross-scope dependency registration on package: core_AllUsers_pdb, bundle scope: PerUser, package scope: PerMachine
[460C:4AF0][2026-01-13T11:07:13]i052: Condition 'InstallAllUsers and (Include_core or Include_exe or Include_launcher or Include_pip) and Include_debug and not LauncherOnly' evaluates to false.
[460C:4AF0][2026-01-13T11:07:13]i052: Condition 'InstallAllUsers and (Include_core or Include_exe or Include_launcher or Include_pip) and Include_debug and not LauncherOnly' evaluates to false.
[460C:4AF0][2026-01-13T11:07:13]w322: Skipping cross-scope dependency registration on package: core_AllUsers_d, bundle scope: PerUser, package scope: PerMachine
[460C:4AF0][2026-01-13T11:07:13]i052: Condition 'not InstallAllUsers and (Include_core or Include_exe or Include_launcher or Include_pip) and not LauncherOnly' evaluates to true.
[460C:4AF0][2026-01-13T11:07:13]i052: Condition 'not InstallAllUsers and (Include_core or Include_exe or Include_launcher or Include_pip) and not LauncherOnly' evaluates to true.
[460C:4AF0][2026-01-13T11:07:13]i052: Condition 'not InstallAllUsers and (Include_core or Include_exe or Include_launcher or Include_pip) and Include_symbols and not LauncherOnly' evaluates to false.
[460C:4AF0][2026-01-13T11:07:13]i052: Condition 'not InstallAllUsers and (Include_core or Include_exe or Include_launcher or Include_pip) and Include_symbols and not LauncherOnly' evaluates to false.
[460C:4AF0][2026-01-13T11:07:13]i052: Condition 'not InstallAllUsers and (Include_core or Include_exe or Include_launcher or Include_pip) and Include_debug and not LauncherOnly' evaluates to false.
[460C:4AF0][2026-01-13T11:07:13]i052: Condition 'not InstallAllUsers and (Include_core or Include_exe or Include_launcher or Include_pip) and Include_debug and not LauncherOnly' evaluates to false.
[460C:4AF0][2026-01-13T11:07:13]i052: Condition 'InstallAllUsers and (Include_exe or Include_launcher or Include_pip) and not LauncherOnly' evaluates to false.
[460C:4AF0][2026-01-13T11:07:13]i052: Condition 'InstallAllUsers and (Include_exe or Include_launcher or Include_pip) and not LauncherOnly' evaluates to false.
[460C:4AF0][2026-01-13T11:07:13]i204: Plan 2 msi features for package: exe_AllUsers
[460C:4AF0][2026-01-13T11:07:13]i203: Planned feature: DefaultFeature, state: Absent, default requested: Unknown, ba requested: Local, execute action: AddLocal, rollback action: Remove
[460C:4AF0][2026-01-13T11:07:13]i203: Planned feature: Shortcuts, state: Absent, default requested: Unknown, ba requested: Local, execute action: AddLocal, rollback action: Remove
[460C:4AF0][2026-01-13T11:07:13]w322: Skipping cross-scope dependency registration on package: exe_AllUsers, bundle scope: PerUser, package scope: PerMachine
[460C:4AF0][2026-01-13T11:07:13]i052: Condition 'InstallAllUsers and (Include_exe or Include_launcher or Include_pip) and Include_symbols and not LauncherOnly' evaluates to false.
[460C:4AF0][2026-01-13T11:07:13]i052: Condition 'InstallAllUsers and (Include_exe or Include_launcher or Include_pip) and Include_symbols and not LauncherOnly' evaluates to false.
[460C:4AF0][2026-01-13T11:07:13]w322: Skipping cross-scope dependency registration on package: exe_AllUsers_pdb, bundle scope: PerUser, package scope: PerMachine
[460C:4AF0][2026-01-13T11:07:13]i052: Condition 'InstallAllUsers and (Include_exe or Include_launcher or Include_pip) and Include_debug and not LauncherOnly' evaluates to false.
[460C:4AF0][2026-01-13T11:07:13]i052: Condition 'InstallAllUsers and (Include_exe or Include_launcher or Include_pip) and Include_debug and not LauncherOnly' evaluates to false.
[460C:4AF0][2026-01-13T11:07:13]w322: Skipping cross-scope dependency registration on package: exe_AllUsers_d, bundle scope: PerUser, package scope: PerMachine
[460C:4AF0][2026-01-13T11:07:13]i052: Condition 'not InstallAllUsers and (Include_exe or Include_launcher or Include_pip) and not LauncherOnly' evaluates to true.
[460C:4AF0][2026-01-13T11:07:13]i052: Condition 'not InstallAllUsers and (Include_exe or Include_launcher or Include_pip) and not LauncherOnly' evaluates to true.
[460C:4AF0][2026-01-13T11:07:13]i204: Plan 2 msi features for package: exe_JustForMe
[460C:4AF0][2026-01-13T11:07:13]i203: Planned feature: DefaultFeature, state: Local, default requested: Unknown, ba requested: Local, execute action: None, rollback action: None
[460C:4AF0][2026-01-13T11:07:13]i203: Planned feature: Shortcuts, state: Local, default requested: Unknown, ba requested: Local, execute action: None, rollback action: None
[460C:4AF0][2026-01-13T11:07:13]i052: Condition 'not InstallAllUsers and (Include_exe or Include_launcher or Include_pip) and Include_symbols and not LauncherOnly' evaluates to false.
[460C:4AF0][2026-01-13T11:07:13]i052: Condition 'not InstallAllUsers and (Include_exe or Include_launcher or Include_pip) and Include_symbols and not LauncherOnly' evaluates to false.
[460C:4AF0][2026-01-13T11:07:13]i052: Condition 'not InstallAllUsers and (Include_exe or Include_launcher or Include_pip) and Include_debug and not LauncherOnly' evaluates to false.
[460C:4AF0][2026-01-13T11:07:13]i052: Condition 'not InstallAllUsers and (Include_exe or Include_launcher or Include_pip) and Include_debug and not LauncherOnly' evaluates to false.
[460C:4AF0][2026-01-13T11:07:13]i052: Condition 'InstallAllUsers and Include_dev and not LauncherOnly' evaluates to false.
[460C:4AF0][2026-01-13T11:07:13]i052: Condition 'InstallAllUsers and Include_dev and not LauncherOnly' evaluates to false.
[460C:4AF0][2026-01-13T11:07:13]w322: Skipping cross-scope dependency registration on package: dev_AllUsers, bundle scope: PerUser, package scope: PerMachine
[460C:4AF0][2026-01-13T11:07:13]i052: Condition 'InstallAllUsers and Include_dev and Include_debug and not LauncherOnly' evaluates to false.
[460C:4AF0][2026-01-13T11:07:13]i052: Condition 'InstallAllUsers and Include_dev and Include_debug and not LauncherOnly' evaluates to false.
[460C:4AF0][2026-01-13T11:07:13]w322: Skipping cross-scope dependency registration on package: dev_AllUsers_d, bundle scope: PerUser, package scope: PerMachine
[460C:4AF0][2026-01-13T11:07:13]i052: Condition 'not InstallAllUsers and Include_dev and not LauncherOnly' evaluates to true.
[460C:4AF0][2026-01-13T11:07:13]i052: Condition 'not InstallAllUsers and Include_dev and not LauncherOnly' evaluates to true.
[460C:4AF0][2026-01-13T11:07:13]i052: Condition 'not InstallAllUsers and Include_dev and Include_debug and not LauncherOnly' evaluates to false.
[460C:4AF0][2026-01-13T11:07:13]i052: Condition 'not InstallAllUsers and Include_dev and Include_debug and not LauncherOnly' evaluates to false.
[460C:4AF0][2026-01-13T11:07:13]i052: Condition 'InstallAllUsers and Include_lib and not LauncherOnly' evaluates to false.
[460C:4AF0][2026-01-13T11:07:13]i052: Condition 'InstallAllUsers and Include_lib and not LauncherOnly' evaluates to false.
[460C:4AF0][2026-01-13T11:07:13]w322: Skipping cross-scope dependency registration on package: lib_AllUsers, bundle scope: PerUser, package scope: PerMachine
[460C:4AF0][2026-01-13T11:07:13]i052: Condition 'InstallAllUsers and Include_lib and Include_symbols and not LauncherOnly' evaluates to false.
[460C:4AF0][2026-01-13T11:07:13]i052: Condition 'InstallAllUsers and Include_lib and Include_symbols and not LauncherOnly' evaluates to false.
[460C:4AF0][2026-01-13T11:07:13]w322: Skipping cross-scope dependency registration on package: lib_AllUsers_pdb, bundle scope: PerUser, package scope: PerMachine
[460C:4AF0][2026-01-13T11:07:13]i052: Condition 'InstallAllUsers and Include_lib and Include_debug and not LauncherOnly' evaluates to false.
[460C:4AF0][2026-01-13T11:07:13]i052: Condition 'InstallAllUsers and Include_lib and Include_debug and not LauncherOnly' evaluates to false.
[460C:4AF0][2026-01-13T11:07:13]w322: Skipping cross-scope dependency registration on package: lib_AllUsers_d, bundle scope: PerUser, package scope: PerMachine
[460C:4AF0][2026-01-13T11:07:13]i052: Condition 'not InstallAllUsers and Include_lib and not LauncherOnly' evaluates to true.
[460C:4AF0][2026-01-13T11:07:13]i052: Condition 'not InstallAllUsers and Include_lib and not LauncherOnly' evaluates to true.
[460C:4AF0][2026-01-13T11:07:13]i052: Condition 'not InstallAllUsers and Include_lib and Include_symbols and not LauncherOnly' evaluates to false.
[460C:4AF0][2026-01-13T11:07:13]i052: Condition 'not InstallAllUsers and Include_lib and Include_symbols and not LauncherOnly' evaluates to false.
[460C:4AF0][2026-01-13T11:07:13]i052: Condition 'not InstallAllUsers and Include_lib and Include_debug and not LauncherOnly' evaluates to false.
[460C:4AF0][2026-01-13T11:07:13]i052: Condition 'not InstallAllUsers and Include_lib and Include_debug and not LauncherOnly' evaluates to false.
[460C:4AF0][2026-01-13T11:07:13]i052: Condition 'InstallAllUsers and Include_test and not LauncherOnly' evaluates to false.
[460C:4AF0][2026-01-13T11:07:13]i052: Condition 'InstallAllUsers and Include_test and not LauncherOnly' evaluates to false.
[460C:4AF0][2026-01-13T11:07:13]w322: Skipping cross-scope dependency registration on package: test_AllUsers, bundle scope: PerUser, package scope: PerMachine
[460C:4AF0][2026-01-13T11:07:13]i052: Condition 'InstallAllUsers and Include_test and Include_symbols and not LauncherOnly' evaluates to false.
[460C:4AF0][2026-01-13T11:07:13]i052: Condition 'InstallAllUsers and Include_test and Include_symbols and not LauncherOnly' evaluates to false.
[460C:4AF0][2026-01-13T11:07:13]w322: Skipping cross-scope dependency registration on package: test_AllUsers_pdb, bundle scope: PerUser, package scope: PerMachine
[460C:4AF0][2026-01-13T11:07:13]i052: Condition 'InstallAllUsers and Include_test and Include_debug and not LauncherOnly' evaluates to false.
[460C:4AF0][2026-01-13T11:07:13]i052: Condition 'InstallAllUsers and Include_test and Include_debug and not LauncherOnly' evaluates to false.
[460C:4AF0][2026-01-13T11:07:13]w322: Skipping cross-scope dependency registration on package: test_AllUsers_d, bundle scope: PerUser, package scope: PerMachine
[460C:4AF0][2026-01-13T11:07:13]i052: Condition 'not InstallAllUsers and Include_test and not LauncherOnly' evaluates to true.
[460C:4AF0][2026-01-13T11:07:13]i052: Condition 'not InstallAllUsers and Include_test and not LauncherOnly' evaluates to true.
[460C:4AF0][2026-01-13T11:07:13]i052: Condition 'not InstallAllUsers and Include_test and Include_symbols and not LauncherOnly' evaluates to false.
[460C:4AF0][2026-01-13T11:07:13]i052: Condition 'not InstallAllUsers and Include_test and Include_symbols and not LauncherOnly' evaluates to false.
[460C:4AF0][2026-01-13T11:07:13]i052: Condition 'not InstallAllUsers and Include_test and Include_debug and not LauncherOnly' evaluates to false.
[460C:4AF0][2026-01-13T11:07:13]i052: Condition 'not InstallAllUsers and Include_test and Include_debug and not LauncherOnly' evaluates to false.
[460C:4AF0][2026-01-13T11:07:13]i052: Condition 'InstallAllUsers and Include_doc and not LauncherOnly' evaluates to false.
[460C:4AF0][2026-01-13T11:07:13]i052: Condition 'InstallAllUsers and Include_doc and not LauncherOnly' evaluates to false.
[460C:4AF0][2026-01-13T11:07:13]i204: Plan 2 msi features for package: doc_AllUsers
[460C:4AF0][2026-01-13T11:07:13]i203: Planned feature: DefaultFeature, state: Absent, default requested: Unknown, ba requested: Local, execute action: AddLocal, rollback action: Remove
[460C:4AF0][2026-01-13T11:07:13]i203: Planned feature: Shortcuts, state: Absent, default requested: Unknown, ba requested: Local, execute action: AddLocal, rollback action: Remove
[460C:4AF0][2026-01-13T11:07:13]w322: Skipping cross-scope dependency registration on package: doc_AllUsers, bundle scope: PerUser, package scope: PerMachine
[460C:4AF0][2026-01-13T11:07:13]i052: Condition 'not InstallAllUsers and Include_doc and not LauncherOnly' evaluates to true.
[460C:4AF0][2026-01-13T11:07:13]i052: Condition 'not InstallAllUsers and Include_doc and not LauncherOnly' evaluates to true.
[460C:4AF0][2026-01-13T11:07:13]i204: Plan 2 msi features for package: doc_JustForMe
[460C:4AF0][2026-01-13T11:07:13]i203: Planned feature: DefaultFeature, state: Local, default requested: Unknown, ba requested: Local, execute action: None, rollback action: None
[460C:4AF0][2026-01-13T11:07:13]i203: Planned feature: Shortcuts, state: Local, default requested: Unknown, ba requested: Local, execute action: None, rollback action: None
[460C:4AF0][2026-01-13T11:07:13]i052: Condition 'InstallAllUsers and Include_tools and not LauncherOnly' evaluates to false.
[460C:4AF0][2026-01-13T11:07:13]i052: Condition 'InstallAllUsers and Include_tools and not LauncherOnly' evaluates to false.
[460C:4AF0][2026-01-13T11:07:13]w322: Skipping cross-scope dependency registration on package: tools_AllUsers, bundle scope: PerUser, package scope: PerMachine
[460C:4AF0][2026-01-13T11:07:13]i052: Condition 'not InstallAllUsers and Include_tools and not LauncherOnly' evaluates to true.
[460C:4AF0][2026-01-13T11:07:13]i052: Condition 'not InstallAllUsers and Include_tools and not LauncherOnly' evaluates to true.
[460C:4AF0][2026-01-13T11:07:13]i052: Condition 'InstallAllUsers and Include_tcltk and not LauncherOnly' evaluates to false.
[460C:4AF0][2026-01-13T11:07:13]i052: Condition 'InstallAllUsers and Include_tcltk and not LauncherOnly' evaluates to false.
[460C:4AF0][2026-01-13T11:07:13]i204: Plan 3 msi features for package: tcltk_AllUsers
[460C:4AF0][2026-01-13T11:07:13]i203: Planned feature: DefaultFeature, state: Absent, default requested: Unknown, ba requested: Local, execute action: AddLocal, rollback action: Remove
[460C:4AF0][2026-01-13T11:07:13]i203: Planned feature: AssociateFiles, state: Absent, default requested: Unknown, ba requested: Local, execute action: AddLocal, rollback action: Remove
[460C:4AF0][2026-01-13T11:07:13]i203: Planned feature: Shortcuts, state: Absent, default requested: Unknown, ba requested: Local, execute action: AddLocal, rollback action: Remove
[460C:4AF0][2026-01-13T11:07:13]w322: Skipping cross-scope dependency registration on package: tcltk_AllUsers, bundle scope: PerUser, package scope: PerMachine
[460C:4AF0][2026-01-13T11:07:13]i052: Condition 'InstallAllUsers and Include_tcltk and Include_symbols and not LauncherOnly' evaluates to false.
[460C:4AF0][2026-01-13T11:07:13]i052: Condition 'InstallAllUsers and Include_tcltk and Include_symbols and not LauncherOnly' evaluates to false.
[460C:4AF0][2026-01-13T11:07:13]i204: Plan 1 msi features for package: tcltk_AllUsers_pdb
[460C:4AF0][2026-01-13T11:07:13]i203: Planned feature: Symbols, state: Absent, default requested: Unknown, ba requested: Local, execute action: AddLocal, rollback action: Remove
[460C:4AF0][2026-01-13T11:07:13]w322: Skipping cross-scope dependency registration on package: tcltk_AllUsers_pdb, bundle scope: PerUser, package scope: PerMachine
[460C:4AF0][2026-01-13T11:07:13]i052: Condition 'InstallAllUsers and Include_tcltk and Include_debug and not LauncherOnly' evaluates to false.
[460C:4AF0][2026-01-13T11:07:13]i052: Condition 'InstallAllUsers and Include_tcltk and Include_debug and not LauncherOnly' evaluates to false.
[460C:4AF0][2026-01-13T11:07:13]i204: Plan 1 msi features for package: tcltk_AllUsers_d
[460C:4AF0][2026-01-13T11:07:13]i203: Planned feature: DebugBinaries, state: Absent, default requested: Unknown, ba requested: Local, execute action: AddLocal, rollback action: Remove
[460C:4AF0][2026-01-13T11:07:13]w322: Skipping cross-scope dependency registration on package: tcltk_AllUsers_d, bundle scope: PerUser, package scope: PerMachine
[460C:4AF0][2026-01-13T11:07:13]i052: Condition 'not InstallAllUsers and Include_tcltk and not LauncherOnly' evaluates to true.
[460C:4AF0][2026-01-13T11:07:13]i052: Condition 'not InstallAllUsers and Include_tcltk and not LauncherOnly' evaluates to true.
[460C:4AF0][2026-01-13T11:07:13]i204: Plan 3 msi features for package: tcltk_JustForMe
[460C:4AF0][2026-01-13T11:07:13]i203: Planned feature: DefaultFeature, state: Local, default requested: Unknown, ba requested: Local, execute action: None, rollback action: None
[460C:4AF0][2026-01-13T11:07:13]i203: Planned feature: AssociateFiles, state: Local, default requested: Unknown, ba requested: Local, execute action: None, rollback action: None
[460C:4AF0][2026-01-13T11:07:13]i203: Planned feature: Shortcuts, state: Local, default requested: Unknown, ba requested: Local, execute action: None, rollback action: None
[460C:4AF0][2026-01-13T11:07:13]i052: Condition 'not InstallAllUsers and Include_tcltk and Include_symbols and not LauncherOnly' evaluates to false.
[460C:4AF0][2026-01-13T11:07:13]i052: Condition 'not InstallAllUsers and Include_tcltk and Include_symbols and not LauncherOnly' evaluates to false.
[460C:4AF0][2026-01-13T11:07:13]i204: Plan 1 msi features for package: tcltk_JustForMe_pdb
[460C:4AF0][2026-01-13T11:07:13]i203: Planned feature: Symbols, state: Absent, default requested: Unknown, ba requested: Local, execute action: AddLocal, rollback action: Remove
[460C:4AF0][2026-01-13T11:07:13]i052: Condition 'not InstallAllUsers and Include_tcltk and Include_debug and not LauncherOnly' evaluates to false.
[460C:4AF0][2026-01-13T11:07:13]i052: Condition 'not InstallAllUsers and Include_tcltk and Include_debug and not LauncherOnly' evaluates to false.
[460C:4AF0][2026-01-13T11:07:13]i204: Plan 1 msi features for package: tcltk_JustForMe_d
[460C:4AF0][2026-01-13T11:07:13]i203: Planned feature: DebugBinaries, state: Absent, default requested: Unknown, ba requested: Local, execute action: AddLocal, rollback action: Remove
[460C:4AF0][2026-01-13T11:07:13]i052: Condition '(InstallAllUsers or InstallLauncherAllUsers) and Include_launcher and not DetectedLauncher' evaluates to false.
[460C:4AF0][2026-01-13T11:07:13]i052: Condition '(InstallAllUsers or InstallLauncherAllUsers) and Include_launcher and not DetectedLauncher' evaluates to false.
[460C:4AF0][2026-01-13T11:07:13]i204: Plan 2 msi features for package: launcher_AllUsers
[460C:4AF0][2026-01-13T11:07:13]i203: Planned feature: DefaultFeature, state: Local, default requested: Unknown, ba requested: Local, execute action: None, rollback action: None
[460C:4AF0][2026-01-13T11:07:13]i203: Planned feature: AssociateFiles, state: Local, default requested: Unknown, ba requested: Local, execute action: None, rollback action: None
[460C:4AF0][2026-01-13T11:07:13]w322: Skipping cross-scope dependency registration on package: launcher_AllUsers, bundle scope: PerUser, package scope: PerMachine
[460C:4AF0][2026-01-13T11:07:13]i052: Condition 'not (InstallAllUsers or InstallLauncherAllUsers) and Include_launcher and not DetectedLauncher' evaluates to false.
[460C:4AF0][2026-01-13T11:07:13]i052: Condition 'not (InstallAllUsers or InstallLauncherAllUsers) and Include_launcher and not DetectedLauncher' evaluates to false.
[460C:4AF0][2026-01-13T11:07:13]i204: Plan 2 msi features for package: launcher_JustForMe
[460C:4AF0][2026-01-13T11:07:13]i203: Planned feature: DefaultFeature, state: Absent, default requested: Unknown, ba requested: Local, execute action: AddLocal, rollback action: Remove
[460C:4AF0][2026-01-13T11:07:13]i203: Planned feature: AssociateFiles, state: Absent, default requested: Unknown, ba requested: Local, execute action: AddLocal, rollback action: Remove
[460C:4AF0][2026-01-13T11:07:13]i052: Condition 'InstallAllUsers and Include_pip and not LauncherOnly' evaluates to false.
[460C:4AF0][2026-01-13T11:07:13]i052: Condition 'InstallAllUsers and Include_pip and not LauncherOnly' evaluates to false.
[460C:4AF0][2026-01-13T11:07:13]w322: Skipping cross-scope dependency registration on package: pip_AllUsers, bundle scope: PerUser, package scope: PerMachine
[460C:4AF0][2026-01-13T11:07:13]i052: Condition 'not InstallAllUsers and Include_pip and not LauncherOnly' evaluates to true.
[460C:4AF0][2026-01-13T11:07:13]i052: Condition 'not InstallAllUsers and Include_pip and not LauncherOnly' evaluates to true.
[460C:4AF0][2026-01-13T11:07:13]i052: Condition 'InstallAllUsers and PrependPath and not LauncherOnly' evaluates to false.
[460C:4AF0][2026-01-13T11:07:13]i052: Condition 'InstallAllUsers and PrependPath and not LauncherOnly' evaluates to false.
[460C:4AF0][2026-01-13T11:07:13]w322: Skipping cross-scope dependency registration on package: path_AllUsers, bundle scope: PerUser, package scope: PerMachine
[460C:4AF0][2026-01-13T11:07:13]i052: Condition 'not InstallAllUsers and PrependPath and not LauncherOnly' evaluates to true.
[460C:4AF0][2026-01-13T11:07:13]i052: Condition 'not InstallAllUsers and PrependPath and not LauncherOnly' evaluates to true.
[460C:4AF0][2026-01-13T11:07:13]i052: Condition 'InstallAllUsers and AppendPath and not LauncherOnly' evaluates to false.
[460C:4AF0][2026-01-13T11:07:13]i052: Condition 'InstallAllUsers and AppendPath and not LauncherOnly' evaluates to false.
[460C:4AF0][2026-01-13T11:07:13]w322: Skipping cross-scope dependency registration on package: appendpath_AllUsers, bundle scope: PerUser, package scope: PerMachine
[460C:4AF0][2026-01-13T11:07:13]i052: Condition 'not InstallAllUsers and AppendPath and not LauncherOnly' evaluates to false.
[460C:4AF0][2026-01-13T11:07:13]i052: Condition 'not InstallAllUsers and AppendPath and not LauncherOnly' evaluates to false.
[460C:4AF0][2026-01-13T11:07:13]i052: Condition 'InstallAllUsers and CompileAll and not LauncherOnly' evaluates to false.
[460C:4AF0][2026-01-13T11:07:13]i052: Condition 'InstallAllUsers and CompileAll and not LauncherOnly' evaluates to false.
[460C:4AF0][2026-01-13T11:07:13]w321: Skipping dependency registration on package with no dependency providers: compileall_AllUsers
[460C:4AF0][2026-01-13T11:07:13]i052: Condition 'InstallAllUsers and CompileAll and not LauncherOnly' evaluates to false.
[460C:4AF0][2026-01-13T11:07:13]i052: Condition 'InstallAllUsers and CompileAll and not LauncherOnly' evaluates to false.
[460C:4AF0][2026-01-13T11:07:13]w321: Skipping dependency registration on package with no dependency providers: compileallO_AllUsers
[460C:4AF0][2026-01-13T11:07:13]i052: Condition 'InstallAllUsers and CompileAll and not LauncherOnly' evaluates to false.
[460C:4AF0][2026-01-13T11:07:13]i052: Condition 'InstallAllUsers and CompileAll and not LauncherOnly' evaluates to false.
[460C:4AF0][2026-01-13T11:07:13]w321: Skipping dependency registration on package with no dependency providers: compileallOO_AllUsers
[460C:4AF0][2026-01-13T11:07:13]i052: Condition 'not InstallAllUsers and CompileAll and not LauncherOnly' evaluates to false.
[460C:4AF0][2026-01-13T11:07:13]i052: Condition 'not InstallAllUsers and CompileAll and not LauncherOnly' evaluates to false.
[460C:4AF0][2026-01-13T11:07:13]w321: Skipping dependency registration on package with no dependency providers: compileall_JustForMe
[460C:4AF0][2026-01-13T11:07:13]i052: Condition 'not InstallAllUsers and CompileAll and not LauncherOnly' evaluates to false.
[460C:4AF0][2026-01-13T11:07:13]i052: Condition 'not InstallAllUsers and CompileAll and not LauncherOnly' evaluates to false.
[460C:4AF0][2026-01-13T11:07:13]w321: Skipping dependency registration on package with no dependency providers: compileallO_JustForMe
[460C:4AF0][2026-01-13T11:07:13]i052: Condition 'not InstallAllUsers and CompileAll and not LauncherOnly' evaluates to false.
[460C:4AF0][2026-01-13T11:07:13]i052: Condition 'not InstallAllUsers and CompileAll and not LauncherOnly' evaluates to false.
[460C:4AF0][2026-01-13T11:07:13]w321: Skipping dependency registration on package with no dependency providers: compileallOO_JustForMe
[460C:4AF0][2026-01-13T11:07:13]i201: Planned package: ucrt_AllUsers, state: Absent, default requested: Absent, ba requested: Absent, execute: None, rollback: None, cache: No, uncache: No, dependency: None
[460C:4AF0][2026-01-13T11:07:13]i201: Planned package: ucrt_JustForMe, state: Absent, default requested: Absent, ba requested: Absent, execute: None, rollback: None, cache: No, uncache: No, dependency: None
[460C:4AF0][2026-01-13T11:07:13]i201: Planned package: core_AllUsers, state: Absent, default requested: Absent, ba requested: Absent, execute: None, rollback: None, cache: No, uncache: No, dependency: None
[460C:4AF0][2026-01-13T11:07:13]i201: Planned package: core_AllUsers_pdb, state: Absent, default requested: Absent, ba requested: Absent, execute: None, rollback: None, cache: No, uncache: No, dependency: None
[460C:4AF0][2026-01-13T11:07:13]i201: Planned package: core_AllUsers_d, state: Absent, default requested: Absent, ba requested: Absent, execute: None, rollback: None, cache: No, uncache: No, dependency: None
[460C:4AF0][2026-01-13T11:07:13]i201: Planned package: core_JustForMe, state: Present, default requested: Present, ba requested: Present, execute: None, rollback: None, cache: No, uncache: No, dependency: Register
[460C:4AF0][2026-01-13T11:07:13]i201: Planned package: core_JustForMe_pdb, state: Absent, default requested: Absent, ba requested: Absent, execute: None, rollback: None, cache: No, uncache: No, dependency: None
[460C:4AF0][2026-01-13T11:07:13]i201: Planned package: core_JustForMe_d, state: Absent, default requested: Absent, ba requested: Absent, execute: None, rollback: None, cache: No, uncache: No, dependency: None
[460C:4AF0][2026-01-13T11:07:13]i201: Planned package: exe_AllUsers, state: Absent, default requested: Absent, ba requested: Absent, execute: None, rollback: None, cache: No, uncache: No, dependency: None
[460C:4AF0][2026-01-13T11:07:13]i201: Planned package: exe_AllUsers_pdb, state: Absent, default requested: Absent, ba requested: Absent, execute: None, rollback: None, cache: No, uncache: No, dependency: None
[460C:4AF0][2026-01-13T11:07:13]i201: Planned package: exe_AllUsers_d, state: Absent, default requested: Absent, ba requested: Absent, execute: None, rollback: None, cache: No, uncache: No, dependency: None
[460C:4AF0][2026-01-13T11:07:13]i201: Planned package: exe_JustForMe, state: Present, default requested: Present, ba requested: Present, execute: None, rollback: None, cache: No, uncache: No, dependency: Register
[460C:4AF0][2026-01-13T11:07:13]i201: Planned package: exe_JustForMe_pdb, state: Absent, default requested: Absent, ba requested: Absent, execute: None, rollback: None, cache: No, uncache: No, dependency: None
[460C:4AF0][2026-01-13T11:07:13]i201: Planned package: exe_JustForMe_d, state: Absent, default requested: Absent, ba requested: Absent, execute: None, rollback: None, cache: No, uncache: No, dependency: None
[460C:4AF0][2026-01-13T11:07:13]i201: Planned package: dev_AllUsers, state: Absent, default requested: Absent, ba requested: Absent, execute: None, rollback: None, cache: No, uncache: No, dependency: None
[460C:4AF0][2026-01-13T11:07:13]i201: Planned package: dev_AllUsers_d, state: Absent, default requested: Absent, ba requested: Absent, execute: None, rollback: None, cache: No, uncache: No, dependency: None
[460C:4AF0][2026-01-13T11:07:13]i201: Planned package: dev_JustForMe, state: Present, default requested: Present, ba requested: Present, execute: None, rollback: None, cache: No, uncache: No, dependency: Register
[460C:4AF0][2026-01-13T11:07:13]i201: Planned package: dev_JustForMe_d, state: Absent, default requested: Absent, ba requested: Absent, execute: None, rollback: None, cache: No, uncache: No, dependency: None
[460C:4AF0][2026-01-13T11:07:13]i201: Planned package: lib_AllUsers, state: Absent, default requested: Absent, ba requested: Absent, execute: None, rollback: None, cache: No, uncache: Yes, dependency: None
[460C:4AF0][2026-01-13T11:07:13]i201: Planned package: lib_AllUsers_pdb, state: Absent, default requested: Absent, ba requested: Absent, execute: None, rollback: None, cache: No, uncache: No, dependency: None
[460C:4AF0][2026-01-13T11:07:13]i201: Planned package: lib_AllUsers_d, state: Absent, default requested: Absent, ba requested: Absent, execute: None, rollback: None, cache: No, uncache: No, dependency: None
[460C:4AF0][2026-01-13T11:07:13]i201: Planned package: lib_JustForMe, state: Present, default requested: Present, ba requested: Present, execute: None, rollback: None, cache: No, uncache: No, dependency: Register
[460C:4AF0][2026-01-13T11:07:13]i201: Planned package: lib_JustForMe_pdb, state: Absent, default requested: Absent, ba requested: Absent, execute: None, rollback: None, cache: No, uncache: No, dependency: None
[460C:4AF0][2026-01-13T11:07:13]i201: Planned package: lib_JustForMe_d, state: Absent, default requested: Absent, ba requested: Absent, execute: None, rollback: None, cache: No, uncache: No, dependency: None
[460C:4AF0][2026-01-13T11:07:13]i201: Planned package: test_AllUsers, state: Absent, default requested: Absent, ba requested: Absent, execute: None, rollback: None, cache: No, uncache: Yes, dependency: None
[460C:4AF0][2026-01-13T11:07:13]i201: Planned package: test_AllUsers_pdb, state: Absent, default requested: Absent, ba requested: Absent, execute: None, rollback: None, cache: No, uncache: No, dependency: None
[460C:4AF0][2026-01-13T11:07:13]i201: Planned package: test_AllUsers_d, state: Absent, default requested: Absent, ba requested: Absent, execute: None, rollback: None, cache: No, uncache: No, dependency: None
[460C:4AF0][2026-01-13T11:07:13]i201: Planned package: test_JustForMe, state: Present, default requested: Present, ba requested: Present, execute: None, rollback: None, cache: No, uncache: No, dependency: Register
[460C:4AF0][2026-01-13T11:07:13]i201: Planned package: test_JustForMe_pdb, state: Absent, default requested: Absent, ba requested: Absent, execute: None, rollback: None, cache: No, uncache: No, dependency: None
[460C:4AF0][2026-01-13T11:07:13]i201: Planned package: test_JustForMe_d, state: Absent, default requested: Absent, ba requested: Absent, execute: None, rollback: None, cache: No, uncache: No, dependency: None
[460C:4AF0][2026-01-13T11:07:13]i201: Planned package: doc_AllUsers, state: Absent, default requested: Absent, ba requested: Absent, execute: None, rollback: None, cache: No, uncache: Yes, dependency: None
[460C:4AF0][2026-01-13T11:07:13]i201: Planned package: doc_JustForMe, state: Present, default requested: Present, ba requested: Present, execute: None, rollback: None, cache: No, uncache: No, dependency: Register
[460C:4AF0][2026-01-13T11:07:13]i201: Planned package: tools_AllUsers, state: Absent, default requested: Absent, ba requested: Absent, execute: None, rollback: None, cache: No, uncache: Yes, dependency: None
[460C:4AF0][2026-01-13T11:07:13]i201: Planned package: tools_JustForMe, state: Present, default requested: Present, ba requested: Present, execute: None, rollback: None, cache: No, uncache: No, dependency: Register
[460C:4AF0][2026-01-13T11:07:13]i201: Planned package: tcltk_AllUsers, state: Absent, default requested: Absent, ba requested: Absent, execute: None, rollback: None, cache: No, uncache: Yes, dependency: None
[460C:4AF0][2026-01-13T11:07:13]i201: Planned package: tcltk_AllUsers_pdb, state: Absent, default requested: Absent, ba requested: Absent, execute: None, rollback: None, cache: No, uncache: No, dependency: None
[460C:4AF0][2026-01-13T11:07:13]i201: Planned package: tcltk_AllUsers_d, state: Absent, default requested: Absent, ba requested: Absent, execute: None, rollback: None, cache: No, uncache: No, dependency: None
[460C:4AF0][2026-01-13T11:07:13]i201: Planned package: tcltk_JustForMe, state: Present, default requested: Present, ba requested: Present, execute: None, rollback: None, cache: No, uncache: No, dependency: Register
[460C:4AF0][2026-01-13T11:07:13]i201: Planned package: tcltk_JustForMe_pdb, state: Absent, default requested: Absent, ba requested: Absent, execute: None, rollback: None, cache: No, uncache: No, dependency: None
[460C:4AF0][2026-01-13T11:07:13]i201: Planned package: tcltk_JustForMe_d, state: Absent, default requested: Absent, ba requested: Absent, execute: None, rollback: None, cache: No, uncache: No, dependency: None
[460C:4AF0][2026-01-13T11:07:13]i201: Planned package: launcher_AllUsers, state: Present, default requested: Absent, ba requested: Absent, execute: None, rollback: None, cache: No, uncache: No, dependency: None
[460C:4AF0][2026-01-13T11:07:13]i201: Planned package: launcher_JustForMe, state: Absent, default requested: Absent, ba requested: Absent, execute: None, rollback: None, cache: No, uncache: No, dependency: None
[460C:4AF0][2026-01-13T11:07:13]i201: Planned package: pip_AllUsers, state: Absent, default requested: Absent, ba requested: Absent, execute: None, rollback: None, cache: No, uncache: Yes, dependency: None
[460C:4AF0][2026-01-13T11:07:13]i201: Planned package: pip_JustForMe, state: Present, default requested: Present, ba requested: Present, execute: None, rollback: None, cache: No, uncache: No, dependency: Register
[460C:4AF0][2026-01-13T11:07:13]i201: Planned package: path_AllUsers, state: Absent, default requested: Absent, ba requested: Absent, execute: None, rollback: None, cache: No, uncache: Yes, dependency: None
[460C:4AF0][2026-01-13T11:07:13]i201: Planned package: path_JustForMe, state: Present, default requested: Present, ba requested: Present, execute: None, rollback: None, cache: No, uncache: No, dependency: Register
[460C:4AF0][2026-01-13T11:07:13]i201: Planned package: appendpath_AllUsers, state: Absent, default requested: Absent, ba requested: Absent, execute: None, rollback: None, cache: No, uncache: No, dependency: None
[460C:4AF0][2026-01-13T11:07:13]i201: Planned package: appendpath_JustForMe, state: Absent, default requested: Absent, ba requested: Absent, execute: None, rollback: None, cache: No, uncache: No, dependency: None
[460C:4AF0][2026-01-13T11:07:13]i201: Planned package: compileall_AllUsers, state: Absent, default requested: Absent, ba requested: Absent, execute: None, rollback: None, cache: No, uncache: No, dependency: None
[460C:4AF0][2026-01-13T11:07:13]i201: Planned package: compileallO_AllUsers, state: Absent, default requested: Absent, ba requested: Absent, execute: None, rollback: None, cache: No, uncache: No, dependency: None
[460C:4AF0][2026-01-13T11:07:13]i201: Planned package: compileallOO_AllUsers, state: Absent, default requested: Absent, ba requested: Absent, execute: None, rollback: None, cache: No, uncache: No, dependency: None
[460C:4AF0][2026-01-13T11:07:13]i201: Planned package: compileall_JustForMe, state: Absent, default requested: Absent, ba requested: Absent, execute: None, rollback: None, cache: No, uncache: No, dependency: None
[460C:4AF0][2026-01-13T11:07:13]i201: Planned package: compileallO_JustForMe, state: Absent, default requested: Absent, ba requested: Absent, execute: None, rollback: None, cache: No, uncache: No, dependency: None
[460C:4AF0][2026-01-13T11:07:13]i201: Planned package: compileallOO_JustForMe, state: Absent, default requested: Absent, ba requested: Absent, execute: None, rollback: None, cache: No, uncache: No, dependency: None
[460C:4AF0][2026-01-13T11:07:13]i299: Plan complete, result: 0x0
[460C:4AF0][2026-01-13T11:07:13]i300: Apply begin
[460C:4AF0][2026-01-13T11:07:13]i371: Updating session, registration key: SOFTWARE\Microsoft\Windows\CurrentVersion\Uninstall\{ed272925-4f75-4579-80e7-7af7470274c5}, resume: Active, restart initiated: No, disable resume: No
[460C:4AF0][2026-01-13T11:07:13]i323: Registering package dependency provider: {65D1D415-E699-4A82-8D6D-F8B7488D9954}, version: 3.11.6150.0, package: core_JustForMe
[460C:4AF0][2026-01-13T11:07:13]i325: Registering dependency: {ed272925-4f75-4579-80e7-7af7470274c5} on package provider: {65D1D415-E699-4A82-8D6D-F8B7488D9954}, package: core_JustForMe
[460C:4AF0][2026-01-13T11:07:13]i323: Registering package dependency provider: {2CCD08A5-5FA3-4218-964E-6426FA3F28E8}, version: 3.11.6150.0, package: exe_JustForMe
[460C:4AF0][2026-01-13T11:07:13]i325: Registering dependency: {ed272925-4f75-4579-80e7-7af7470274c5} on package provider: {2CCD08A5-5FA3-4218-964E-6426FA3F28E8}, package: exe_JustForMe
[460C:4AF0][2026-01-13T11:07:13]i323: Registering package dependency provider: {DDC730D4-A94C-4C97-89D6-B7F532413A73}, version: 3.11.6150.0, package: dev_JustForMe
[460C:4AF0][2026-01-13T11:07:13]i325: Registering dependency: {ed272925-4f75-4579-80e7-7af7470274c5} on package provider: {DDC730D4-A94C-4C97-89D6-B7F532413A73}, package: dev_JustForMe
[460C:4AF0][2026-01-13T11:07:13]i323: Registering package dependency provider: {2BB7BEBF-308B-4A9D-B1E0-1BBE7C8F5EA4}, version: 3.11.6150.0, package: lib_JustForMe
[460C:4AF0][2026-01-13T11:07:13]i325: Registering dependency: {ed272925-4f75-4579-80e7-7af7470274c5} on package provider: {2BB7BEBF-308B-4A9D-B1E0-1BBE7C8F5EA4}, package: lib_JustForMe
[460C:4AF0][2026-01-13T11:07:13]i323: Registering package dependency provider: {6FAD6842-68E9-4804-887D-52762A67617D}, version: 3.11.6150.0, package: test_JustForMe
[460C:4AF0][2026-01-13T11:07:13]i325: Registering dependency: {ed272925-4f75-4579-80e7-7af7470274c5} on package provider: {6FAD6842-68E9-4804-887D-52762A67617D}, package: test_JustForMe
[460C:4AF0][2026-01-13T11:07:13]i323: Registering package dependency provider: {A5731924-4225-4B73-BEEB-4A575133E8BB}, version: 3.11.6150.0, package: doc_JustForMe
[460C:4AF0][2026-01-13T11:07:13]i325: Registering dependency: {ed272925-4f75-4579-80e7-7af7470274c5} on package provider: {A5731924-4225-4B73-BEEB-4A575133E8BB}, package: doc_JustForMe
[460C:4AF0][2026-01-13T11:07:13]i323: Registering package dependency provider: {EA60D78B-BB3E-44EB-94B7-AF50586E79D9}, version: 3.11.6150.0, package: tools_JustForMe
[460C:4AF0][2026-01-13T11:07:13]i325: Registering dependency: {ed272925-4f75-4579-80e7-7af7470274c5} on package provider: {EA60D78B-BB3E-44EB-94B7-AF50586E79D9}, package: tools_JustForMe
[460C:4AF0][2026-01-13T11:07:13]i323: Registering package dependency provider: {5BC2F455-DDC6-468D-A7CE-2982DDAFBC77}, version: 3.11.6150.0, package: tcltk_JustForMe
[460C:4AF0][2026-01-13T11:07:13]i325: Registering dependency: {ed272925-4f75-4579-80e7-7af7470274c5} on package provider: {5BC2F455-DDC6-468D-A7CE-2982DDAFBC77}, package: tcltk_JustForMe
[460C:4AF0][2026-01-13T11:07:13]i323: Registering package dependency provider: {774C54C9-575B-4611-81C5-06466534F750}, version: 3.11.6150.0, package: pip_JustForMe
[460C:4AF0][2026-01-13T11:07:13]i325: Registering dependency: {ed272925-4f75-4579-80e7-7af7470274c5} on package provider: {774C54C9-575B-4611-81C5-06466534F750}, package: pip_JustForMe
[460C:4AF0][2026-01-13T11:07:13]i323: Registering package dependency provider: {394D0771-3A30-4182-BB5A-C502D858E9BA}, version: 3.11.6150.0, package: path_JustForMe
[460C:4AF0][2026-01-13T11:07:13]i325: Registering dependency: {ed272925-4f75-4579-80e7-7af7470274c5} on package provider: {394D0771-3A30-4182-BB5A-C502D858E9BA}, package: path_JustForMe
[460C:4AF0][2026-01-13T11:07:13]e000: Error 0x80070006: Failed to write message type to pipe.
[460C:4AF0][2026-01-13T11:07:13]e000: Error 0x80070006: Failed to write send message to pipe.
[460C:4AF0][2026-01-13T11:07:13]e000: Error 0x80070006: Failed to send BURN_ELEVATION_MESSAGE_TYPE_CLEAN_PACKAGE message to per-machine process.
[460C:4AF0][2026-01-13T11:07:13]e000: Error 0x80070006: Failed to write message type to pipe.
[460C:4AF0][2026-01-13T11:07:13]e000: Error 0x80070006: Failed to write send message to pipe.
[460C:4AF0][2026-01-13T11:07:13]e000: Error 0x80070006: Failed to send BURN_ELEVATION_MESSAGE_TYPE_CLEAN_PACKAGE message to per-machine process.
[460C:4AF0][2026-01-13T11:07:13]e000: Error 0x80070006: Failed to write message type to pipe.
[460C:4AF0][2026-01-13T11:07:13]e000: Error 0x80070006: Failed to write send message to pipe.
[460C:4AF0][2026-01-13T11:07:13]e000: Error 0x80070006: Failed to send BURN_ELEVATION_MESSAGE_TYPE_CLEAN_PACKAGE message to per-machine process.
[460C:4AF0][2026-01-13T11:07:13]e000: Error 0x80070006: Failed to write message type to pipe.
[460C:4AF0][2026-01-13T11:07:13]e000: Error 0x80070006: Failed to write send message to pipe.
[460C:4AF0][2026-01-13T11:07:13]e000: Error 0x80070006: Failed to send BURN_ELEVATION_MESSAGE_TYPE_CLEAN_PACKAGE message to per-machine process.
[460C:4AF0][2026-01-13T11:07:13]e000: Error 0x80070006: Failed to write message type to pipe.
[460C:4AF0][2026-01-13T11:07:13]e000: Error 0x80070006: Failed to write send message to pipe.
[460C:4AF0][2026-01-13T11:07:13]e000: Error 0x80070006: Failed to send BURN_ELEVATION_MESSAGE_TYPE_CLEAN_PACKAGE message to per-machine process.
[460C:4AF0][2026-01-13T11:07:13]e000: Error 0x80070006: Failed to write message type to pipe.
[460C:4AF0][2026-01-13T11:07:13]e000: Error 0x80070006: Failed to write send message to pipe.
[460C:4AF0][2026-01-13T11:07:13]e000: Error 0x80070006: Failed to send BURN_ELEVATION_MESSAGE_TYPE_CLEAN_PACKAGE message to per-machine process.
[460C:4AF0][2026-01-13T11:07:13]e000: Error 0x80070006: Failed to write message type to pipe.
[460C:4AF0][2026-01-13T11:07:13]e000: Error 0x80070006: Failed to write send message to pipe.
[460C:4AF0][2026-01-13T11:07:13]e000: Error 0x80070006: Failed to send BURN_ELEVATION_MESSAGE_TYPE_CLEAN_PACKAGE message to per-machine process.
[460C:4AF0][2026-01-13T11:07:13]i372: Session end, registration key: SOFTWARE\Microsoft\Windows\CurrentVersion\Uninstall\{ed272925-4f75-4579-80e7-7af7470274c5}, resume: ARP, restart: None, disable resume: No
[460C:4AF0][2026-01-13T11:07:13]i371: Updating session, registration key: SOFTWARE\Microsoft\Windows\CurrentVersion\Uninstall\{ed272925-4f75-4579-80e7-7af7470274c5}, resume: ARP, restart initiated: No, disable resume: No
[460C:4AF0][2026-01-13T11:07:13]i399: Apply complete, result: 0x0, restart: None, ba requested restart:  No
[460C:4AF0][2026-01-13T11:07:13]i500: Shutting down, exit code: 0x0
[460C:4AF0][2026-01-13T11:07:13]i410: Variable: ActionLikeInstallation = Modify
[460C:4AF0][2026-01-13T11:07:13]i410: Variable: ActionLikeInstalling = Updating
[460C:4AF0][2026-01-13T11:07:13]i410: Variable: AppendPath = 0
[460C:4AF0][2026-01-13T11:07:13]i410: Variable: AssociateFiles = 1
[460C:4AF0][2026-01-13T11:07:13]i410: Variable: CompileAll = 0
[460C:4AF0][2026-01-13T11:07:13]i410: Variable: CRTInstalled = 1
[460C:4AF0][2026-01-13T11:07:13]i410: Variable: CustomBrowseButtonState = enabled
[460C:4AF0][2026-01-13T11:07:13]i410: Variable: CustomInstallLauncherAllUsersState = disable
[460C:4AF0][2026-01-13T11:07:13]i410: Variable: DefaultAllUsersTargetDir = C:\Program Files\Python311
[460C:4AF0][2026-01-13T11:07:13]i410: Variable: DefaultCustomTargetDir = 
[460C:4AF0][2026-01-13T11:07:13]i410: Variable: DefaultJustForMeTargetDir = C:\Users\falhe\AppData\Local\Programs\Python\Python311
[460C:4AF0][2026-01-13T11:07:13]i410: Variable: DetectedLauncher = 1
[460C:4AF0][2026-01-13T11:07:13]i410: Variable: DetectedOldLauncher = 0
[460C:4AF0][2026-01-13T11:07:13]i410: Variable: Include_core = 1
[460C:4AF0][2026-01-13T11:07:13]i410: Variable: Include_debug = 0
[460C:4AF0][2026-01-13T11:07:13]i410: Variable: Include_dev = 1
[460C:4AF0][2026-01-13T11:07:13]i410: Variable: Include_doc = 1
[460C:4AF0][2026-01-13T11:07:13]i410: Variable: Include_exe = 1
[460C:4AF0][2026-01-13T11:07:13]i410: Variable: Include_launcher = 1
[460C:4AF0][2026-01-13T11:07:13]i410: Variable: Include_launcherState = disable
[460C:4AF0][2026-01-13T11:07:13]i410: Variable: Include_lib = 1
[460C:4AF0][2026-01-13T11:07:13]i410: Variable: Include_pip = 1
[460C:4AF0][2026-01-13T11:07:13]i410: Variable: Include_symbols = 0
[460C:4AF0][2026-01-13T11:07:13]i410: Variable: Include_tcltk = 1
[460C:4AF0][2026-01-13T11:07:13]i410: Variable: Include_test = 1
[460C:4AF0][2026-01-13T11:07:13]i410: Variable: Include_tools = 1
[460C:4AF0][2026-01-13T11:07:13]i410: Variable: InstallAllUsers = 0
[460C:4AF0][2026-01-13T11:07:13]i410: Variable: InstallAllUsersState = disable
[460C:4AF0][2026-01-13T11:07:13]i410: Variable: InstallLauncherAllUsers = 1
[460C:4AF0][2026-01-13T11:07:13]i410: Variable: InstallLauncherAllUsersState = disable
[460C:4AF0][2026-01-13T11:07:13]i410: Variable: LauncherOnly = 0
[460C:4AF0][2026-01-13T11:07:13]i410: Variable: LocalAppDataFolder = C:\Users\falhe\AppData\Local\
[460C:4AF0][2026-01-13T11:07:13]i410: Variable: OptionalFeaturesRegistryKey = Software\Python\PythonCore\3.11\InstalledFeatures
[460C:4AF0][2026-01-13T11:07:13]i410: Variable: PrependPath = 1
[460C:4AF0][2026-01-13T11:07:13]i410: Variable: ProgramFiles64Folder = C:\Program Files\
[460C:4AF0][2026-01-13T11:07:13]i410: Variable: Shortcuts = 1
[460C:4AF0][2026-01-13T11:07:13]i410: Variable: ShortVersion = 3.11
[460C:4AF0][2026-01-13T11:07:13]i410: Variable: ShortVersionNoDot = 311
[460C:4AF0][2026-01-13T11:07:13]i410: Variable: SimpleInstall = 0
[460C:4AF0][2026-01-13T11:07:13]i410: Variable: SimpleInstallDescription = 
[460C:4AF0][2026-01-13T11:07:13]i410: Variable: TargetDir = C:\Users\falhe\AppData\Local\Programs\Python\Python311\
[460C:4AF0][2026-01-13T11:07:13]i410: Variable: TargetDirRegistryKey = Software\Python\PythonCore\3.11\InstallPath
[460C:4AF0][2026-01-13T11:07:13]i410: Variable: TargetDirState = enabled
[460C:4AF0][2026-01-13T11:07:13]i410: Variable: TargetPlatform = x64
[460C:4AF0][2026-01-13T11:07:13]i410: Variable: WinVer = 3.11
[460C:4AF0][2026-01-13T11:07:13]i410: Variable: WinVerNoDot = 311
[460C:4AF0][2026-01-13T11:07:13]i410: Variable: WixBundleAction = 6
[460C:4AF0][2026-01-13T11:07:13]i410: Variable: WixBundleElevated = 0
[460C:4AF0][2026-01-13T11:07:13]i410: Variable: WixBundleFileVersion = 3.11.6150.0
[460C:4AF0][2026-01-13T11:07:13]i410: Variable: WixBundleInstalled = 1
[460C:4AF0][2026-01-13T11:07:13]i410: Variable: WixBundleLog = C:\Users\falhe\Downloads\delusional-fix-libs\delusional-fix-libs\install-python-user.log
[460C:4AF0][2026-01-13T11:07:13]i410: Variable: WixBundleManufacturer = Python Software Foundation
[460C:4AF0][2026-01-13T11:07:13]i410: Variable: WixBundleName = Python 3.11.6 (64-bit)
[460C:4AF0][2026-01-13T11:07:13]i410: Variable: WixBundleOriginalSource = C:\Users\falhe\Downloads\delusional-fix-libs\delusional-fix-libs\python-3.11.6-amd64.exe
[460C:4AF0][2026-01-13T11:07:13]i410: Variable: WixBundleOriginalSourceFolder = C:\Users\falhe\Downloads\delusional-fix-libs\delusional-fix-libs\
[460C:4AF0][2026-01-13T11:07:13]i410: Variable: WixBundleProviderKey = CPython-3.11
[460C:4AF0][2026-01-13T11:07:13]i410: Variable: WixBundleSourceProcessFolder = C:\Users\falhe\Downloads\delusional-fix-libs\delusional-fix-libs\
[460C:4AF0][2026-01-13T11:07:13]i410: Variable: WixBundleSourceProcessPath = C:\Users\falhe\Downloads\delusional-fix-libs\delusional-fix-libs\python-3.11.6-amd64.exe
[460C:4AF0][2026-01-13T11:07:13]i410: Variable: WixBundleTag = 
[460C:4AF0][2026-01-13T11:07:13]i410: Variable: WixBundleUILevel = 2
[460C:4AF0][2026-01-13T11:07:13]i410: Variable: WixBundleVersion = 3.11.6150.0
[460C:4AF0][2026-01-13T11:07:13]i007: Exit code: 0x0, restarting: No
