[3940:09F8][2026-01-13T11:03:25]i001: Burn v3.14.0.5722, Windows v10.0 (Build 19045: Service Pack 0), path: C:\Windows\Temp\{86312526-9C4A-4897-940F-F0D1F8000298}\.cr\python-3.11.6-amd64.exe
[3940:09F8][2026-01-13T11:03:25]i000: Initializing string variable 'ActionLikeInstalling' to value 'Installing'
[3940:09F8][2026-01-13T11:03:25]i000: Initializing string variable 'ActionLikeInstallation' to value 'Setup'
[3940:09F8][2026-01-13T11:03:25]i000: Initializing string variable 'ShortVersion' to value '3.11'
[3940:09F8][2026-01-13T11:03:25]i000: Initializing numeric variable 'ShortVersionNoDot' to value '311'
[3940:09F8][2026-01-13T11:03:25]i000: Initializing string variable 'WinVer' to value '3.11'
[3940:09F8][2026-01-13T11:03:25]i000: Initializing numeric variable 'WinVerNoDot' to value '311'
[3940:09F8][2026-01-13T11:03:25]i000: Initializing numeric variable 'InstallAllUsers' to value '0'
[3940:09F8][2026-01-13T11:03:25]i000: Initializing numeric variable 'InstallLauncherAllUsers' to value '1'
[3940:09F8][2026-01-13T11:03:25]i000: Initializing string variable 'TargetDir' to value ''
[3940:09F8][2026-01-13T11:03:25]i000: Initializing string variable 'DefaultAllUsersTargetDir' to value '[ProgramFiles64Folder]Python[WinVerNoDot]'
[3940:09F8][2026-01-13T11:03:25]i000: Initializing string variable 'TargetPlatform' to value 'x64'
[3940:09F8][2026-01-13T11:03:25]i000: Initializing string variable 'DefaultJustForMeTargetDir' to value '[LocalAppDataFolder]Programs\Python\Python[WinVerNoDot]'
[3940:09F8][2026-01-13T11:03:25]i000: Initializing string variable 'OptionalFeaturesRegistryKey' to value 'Software\Python\PythonCore\[WinVer]\InstalledFeatures'
[3940:09F8][2026-01-13T11:03:25]i000: Initializing string variable 'TargetDirRegistryKey' to value 'Software\Python\PythonCore\[WinVer]\InstallPath'
[3940:09F8][2026-01-13T11:03:25]i000: Initializing string variable 'DefaultCustomTargetDir' to value ''
[3940:09F8][2026-01-13T11:03:25]i000: Initializing string variable 'InstallAllUsersState' to value 'enabled'
[3940:09F8][2026-01-13T11:03:25]i000: Initializing string variable 'InstallLauncherAllUsersState' to value 'enabled'
[3940:09F8][2026-01-13T11:03:25]i000: Initializing string variable 'CustomInstallLauncherAllUsersState' to value '[InstallLauncherAllUsersState]'
[3940:09F8][2026-01-13T11:03:25]i000: Initializing string variable 'TargetDirState' to value 'enabled'
[3940:09F8][2026-01-13T11:03:25]i000: Initializing string variable 'CustomBrowseButtonState' to value 'enabled'
[3940:09F8][2026-01-13T11:03:25]i000: Initializing numeric variable 'Include_core' to value '1'
[3940:09F8][2026-01-13T11:03:25]i000: Initializing numeric variable 'Include_exe' to value '1'
[3940:09F8][2026-01-13T11:03:25]i000: Initializing numeric variable 'Include_dev' to value '1'
[3940:09F8][2026-01-13T11:03:25]i000: Initializing numeric variable 'Include_lib' to value '1'
[3940:09F8][2026-01-13T11:03:25]i000: Initializing numeric variable 'Include_test' to value '1'
[3940:09F8][2026-01-13T11:03:25]i000: Initializing numeric variable 'Include_doc' to value '1'
[3940:09F8][2026-01-13T11:03:25]i000: Initializing numeric variable 'Include_tools' to value '1'
[3940:09F8][2026-01-13T11:03:25]i000: Initializing numeric variable 'Include_tcltk' to value '1'
[3940:09F8][2026-01-13T11:03:25]i000: Initializing numeric variable 'Include_pip' to value '1'
[3940:09F8][2026-01-13T11:03:25]i000: Initializing numeric variable 'Include_launcher' to value '-1'
[3940:09F8][2026-01-13T11:03:25]i000: Initializing string variable 'Include_launcherState' to value 'enabled'
[3940:09F8][2026-01-13T11:03:25]i000: Initializing numeric variable 'Include_symbols' to value '0'
[3940:09F8][2026-01-13T11:03:25]i000: Initializing numeric variable 'Include_debug' to value '0'
[3940:09F8][2026-01-13T11:03:25]i000: Initializing numeric variable 'LauncherOnly' to value '0'
[3940:09F8][2026-01-13T11:03:25]i000: Initializing numeric variable 'DetectedLauncher' to value '0'
[3940:09F8][2026-01-13T11:03:25]i000: Initializing numeric variable 'DetectedOldLauncher' to value '0'
[3940:09F8][2026-01-13T11:03:25]i000: Initializing numeric variable 'AssociateFiles' to value '1'
[3940:09F8][2026-01-13T11:03:25]i000: Initializing numeric variable 'Shortcuts' to value '1'
[3940:09F8][2026-01-13T11:03:25]i000: Initializing numeric variable 'PrependPath' to value '0'
[3940:09F8][2026-01-13T11:03:25]i000: Initializing numeric variable 'AppendPath' to value '0'
[3940:09F8][2026-01-13T11:03:25]i000: Initializing numeric variable 'CompileAll' to value '0'
[3940:09F8][2026-01-13T11:03:25]i000: Initializing numeric variable 'SimpleInstall' to value '0'
[3940:09F8][2026-01-13T11:03:25]i000: Initializing string variable 'SimpleInstallDescription' to value ''
[3940:09F8][2026-01-13T11:03:25]i009: Command Line: '-burn.clean.room=C:\Users\falhe\Downloads\delusional-fix-libs\delusional-fix-libs\python-3.11.6-amd64.exe -burn.filehandle.attached=704 -burn.filehandle.self=708 /quiet InstallAllUsers=1 PrependPath=1 /log install-python.log'
[3940:09F8][2026-01-13T11:03:25]i000: Setting string variable 'WixBundleOriginalSource' to value 'C:\Users\falhe\Downloads\delusional-fix-libs\delusional-fix-libs\python-3.11.6-amd64.exe'
[3940:09F8][2026-01-13T11:03:25]i000: Setting string variable 'WixBundleOriginalSourceFolder' to value 'C:\Users\falhe\Downloads\delusional-fix-libs\delusional-fix-libs\'
[3940:09F8][2026-01-13T11:03:25]i000: Setting string variable 'WixBundleLog' to value 'C:\Users\falhe\Downloads\delusional-fix-libs\delusional-fix-libs\install-python.log'
[3940:09F8][2026-01-13T11:03:25]i000: Setting string variable 'WixBundleManufacturer' to value 'Python Software Foundation'
[3940:09F8][2026-01-13T11:03:25]i000: Setting numeric variable 'CRTInstalled' to value 1
[3940:4AA0][2026-01-13T11:03:25]i000: Loading state of optional features
[3940:4AA0][2026-01-13T11:03:25]i000: Setting numeric variable 'Include_debug' to value 0
[3940:4AA0][2026-01-13T11:03:25]i000: Setting numeric variable 'Include_symbols' to value 0
[3940:4AA0][2026-01-13T11:03:25]i000: Setting numeric variable 'Include_dev' to value 1
[3940:4AA0][2026-01-13T11:03:25]i000: Setting numeric variable 'Include_doc' to value 1
[3940:4AA0][2026-01-13T11:03:25]i000: Setting numeric variable 'Include_exe' to value 1
[3940:4AA0][2026-01-13T11:03:25]i000: Setting numeric variable 'Include_lib' to value 1
[3940:4AA0][2026-01-13T11:03:25]i000: Setting numeric variable 'PrependPath' to value 1
[3940:4AA0][2026-01-13T11:03:25]i000: Setting numeric variable 'AppendPath' to value 0
[3940:4AA0][2026-01-13T11:03:25]i000: Setting numeric variable 'Include_pip' to value 1
[3940:4AA0][2026-01-13T11:03:25]i000: Setting numeric variable 'Include_tcltk' to value 1
[3940:4AA0][2026-01-13T11:03:25]i000: Setting numeric variable 'Include_test' to value 1
[3940:4AA0][2026-01-13T11:03:25]i000: Setting numeric variable 'Include_tools' to value 1
[3940:4AA0][2026-01-13T11:03:25]i000: Setting numeric variable 'Shortcuts' to value 1
[3940:4AA0][2026-01-13T11:03:25]i000: Setting string variable 'InstallAllUsersState' to value 'disable'
[3940:4AA0][2026-01-13T11:03:25]i000: Setting string variable 'TargetDir' to value 'C:\Users\falhe\AppData\Local\Programs\Python\Python311\'
[3940:4AA0][2026-01-13T11:03:25]i000: Did not find C:\Users\falhe\Downloads\delusional-fix-libs\delusional-fix-libs\unattend.xml
[3940:4AA0][2026-01-13T11:03:25]i000: Setting numeric variable 'InstallAllUsers' to value 1
[3940:4AA0][2026-01-13T11:03:25]i000: Setting numeric variable 'PrependPath' to value 1
[3940:4AA0][2026-01-13T11:03:25]i000: Setting string variable 'ActionLikeInstalling' to value 'Updating'
[3940:4AA0][2026-01-13T11:03:25]i000: Setting string variable 'ActionLikeInstallation' to value 'Modify'
[3940:4AA0][2026-01-13T11:03:25]i000: Setting version variable 'WixBundleFileVersion' to value '3.11.6150.0'
[3940:4AA0][2026-01-13T11:03:25]i000: Target OS is Windows 10 or later
[3940:09F8][2026-01-13T11:03:25]i100: Detect begin, 54 packages
[3940:09F8][2026-01-13T11:03:25]i000: Setting numeric variable 'InstallLauncherAllUsers' to value 1
[3940:09F8][2026-01-13T11:03:25]i000: Setting numeric variable 'Include_launcher' to value 1
[3940:09F8][2026-01-13T11:03:25]i000: Setting numeric variable 'DetectedLauncher' to value 1
[3940:09F8][2026-01-13T11:03:25]i000: Setting string variable 'Include_launcherState' to value 'disable'
[3940:09F8][2026-01-13T11:03:25]i000: Setting string variable 'InstallLauncherAllUsersState' to value 'disable'
[3940:09F8][2026-01-13T11:03:25]i000: Setting numeric variable 'AssociateFiles' to value 1
[3940:09F8][2026-01-13T11:03:25]i101: Detected package: ucrt_AllUsers, state: Absent, cached: None
[3940:09F8][2026-01-13T11:03:25]i101: Detected package: ucrt_JustForMe, state: Absent, cached: None
[3940:09F8][2026-01-13T11:03:25]i101: Detected package: core_AllUsers, state: Absent, cached: None
[3940:09F8][2026-01-13T11:03:25]i101: Detected package: core_AllUsers_pdb, state: Absent, cached: None
[3940:09F8][2026-01-13T11:03:25]i101: Detected package: core_AllUsers_d, state: Absent, cached: None
[3940:09F8][2026-01-13T11:03:25]i101: Detected package: core_JustForMe, state: Present, cached: Complete
[3940:09F8][2026-01-13T11:03:25]i101: Detected package: core_JustForMe_pdb, state: Absent, cached: None
[3940:09F8][2026-01-13T11:03:25]i101: Detected package: core_JustForMe_d, state: Absent, cached: None
[3940:09F8][2026-01-13T11:03:25]i101: Detected package: exe_AllUsers, state: Absent, cached: None
[3940:09F8][2026-01-13T11:03:25]i104: Detected package: exe_AllUsers, feature: DefaultFeature, state: Absent
[3940:09F8][2026-01-13T11:03:25]i104: Detected package: exe_AllUsers, feature: Shortcuts, state: Absent
[3940:09F8][2026-01-13T11:03:25]i101: Detected package: exe_AllUsers_pdb, state: Absent, cached: None
[3940:09F8][2026-01-13T11:03:25]i101: Detected package: exe_AllUsers_d, state: Absent, cached: None
[3940:09F8][2026-01-13T11:03:25]i101: Detected package: exe_JustForMe, state: Present, cached: Complete
[3940:09F8][2026-01-13T11:03:25]i104: Detected package: exe_JustForMe, feature: DefaultFeature, state: Local
[3940:09F8][2026-01-13T11:03:25]i104: Detected package: exe_JustForMe, feature: Shortcuts, state: Local
[3940:09F8][2026-01-13T11:03:25]i101: Detected package: exe_JustForMe_pdb, state: Absent, cached: None
[3940:09F8][2026-01-13T11:03:25]i101: Detected package: exe_JustForMe_d, state: Absent, cached: None
[3940:09F8][2026-01-13T11:03:25]i101: Detected package: dev_AllUsers, state: Absent, cached: None
[3940:09F8][2026-01-13T11:03:25]i101: Detected package: dev_AllUsers_d, state: Absent, cached: None
[3940:09F8][2026-01-13T11:03:25]i101: Detected package: dev_JustForMe, state: Present, cached: Complete
[3940:09F8][2026-01-13T11:03:25]i101: Detected package: dev_JustForMe_d, state: Absent, cached: None
[3940:09F8][2026-01-13T11:03:25]i101: Detected package: lib_AllUsers, state: Absent, cached: Complete
[3940:09F8][2026-01-13T11:03:25]i101: Detected package: lib_AllUsers_pdb, state: Absent, cached: None
[3940:09F8][2026-01-13T11:03:25]i101: Detected package: lib_AllUsers_d, state: Absent, cached: None
[3940:09F8][2026-01-13T11:03:25]i101: Detected package: lib_JustForMe, state: Present, cached: Complete
[3940:09F8][2026-01-13T11:03:25]i101: Detected package: lib_JustForMe_pdb, state: Absent, cached: None
[3940:09F8][2026-01-13T11:03:25]i101: Detected package: lib_JustForMe_d, state: Absent, cached: None
[3940:09F8][2026-01-13T11:03:25]i101: Detected package: test_AllUsers, state: Absent, cached: Complete
[3940:09F8][2026-01-13T11:03:25]i101: Detected package: test_AllUsers_pdb, state: Absent, cached: None
[3940:09F8][2026-01-13T11:03:25]i101: Detected package: test_AllUsers_d, state: Absent, cached: None
[3940:09F8][2026-01-13T11:03:25]i101: Detected package: test_JustForMe, state: Present, cached: Complete
[3940:09F8][2026-01-13T11:03:25]i101: Detected package: test_JustForMe_pdb, state: Absent, cached: None
[3940:09F8][2026-01-13T11:03:25]i101: Detected package: test_JustForMe_d, state: Absent, cached: None
[3940:09F8][2026-01-13T11:03:25]i101: Detected package: doc_AllUsers, state: Absent, cached: Complete
[3940:09F8][2026-01-13T11:03:25]i104: Detected package: doc_AllUsers, feature: DefaultFeature, state: Absent
[3940:09F8][2026-01-13T11:03:25]i104: Detected package: doc_AllUsers, feature: Shortcuts, state: Absent
[3940:09F8][2026-01-13T11:03:25]i101: Detected package: doc_JustForMe, state: Present, cached: Complete
[3940:09F8][2026-01-13T11:03:25]i104: Detected package: doc_JustForMe, feature: DefaultFeature, state: Local
[3940:09F8][2026-01-13T11:03:25]i104: Detected package: doc_JustForMe, feature: Shortcuts, state: Local
[3940:09F8][2026-01-13T11:03:25]i101: Detected package: tools_AllUsers, state: Absent, cached: Complete
[3940:09F8][2026-01-13T11:03:25]i101: Detected package: tools_JustForMe, state: Present, cached: Complete
[3940:09F8][2026-01-13T11:03:25]i101: Detected package: tcltk_AllUsers, state: Absent, cached: Complete
[3940:09F8][2026-01-13T11:03:25]i104: Detected package: tcltk_AllUsers, feature: DefaultFeature, state: Absent
[3940:09F8][2026-01-13T11:03:25]i104: Detected package: tcltk_AllUsers, feature: AssociateFiles, state: Absent
[3940:09F8][2026-01-13T11:03:25]i104: Detected package: tcltk_AllUsers, feature: Shortcuts, state: Absent
[3940:09F8][2026-01-13T11:03:25]i101: Detected package: tcltk_AllUsers_pdb, state: Absent, cached: None
[3940:09F8][2026-01-13T11:03:25]i104: Detected package: tcltk_AllUsers_pdb, feature: Symbols, state: Absent
[3940:09F8][2026-01-13T11:03:25]i101: Detected package: tcltk_AllUsers_d, state: Absent, cached: None
[3940:09F8][2026-01-13T11:03:25]i104: Detected package: tcltk_AllUsers_d, feature: DebugBinaries, state: Absent
[3940:09F8][2026-01-13T11:03:25]i101: Detected package: tcltk_JustForMe, state: Present, cached: Complete
[3940:09F8][2026-01-13T11:03:25]i104: Detected package: tcltk_JustForMe, feature: DefaultFeature, state: Local
[3940:09F8][2026-01-13T11:03:25]i104: Detected package: tcltk_JustForMe, feature: AssociateFiles, state: Local
[3940:09F8][2026-01-13T11:03:25]i104: Detected package: tcltk_JustForMe, feature: Shortcuts, state: Local
[3940:09F8][2026-01-13T11:03:25]i101: Detected package: tcltk_JustForMe_pdb, state: Absent, cached: None
[3940:09F8][2026-01-13T11:03:25]i104: Detected package: tcltk_JustForMe_pdb, feature: Symbols, state: Absent
[3940:09F8][2026-01-13T11:03:25]i101: Detected package: tcltk_JustForMe_d, state: Absent, cached: None
[3940:09F8][2026-01-13T11:03:25]i104: Detected package: tcltk_JustForMe_d, feature: DebugBinaries, state: Absent
[3940:09F8][2026-01-13T11:03:25]i101: Detected package: launcher_AllUsers, state: Present, cached: Complete
[3940:09F8][2026-01-13T11:03:25]i104: Detected package: launcher_AllUsers, feature: DefaultFeature, state: Local
[3940:09F8][2026-01-13T11:03:25]i104: Detected package: launcher_AllUsers, feature: AssociateFiles, state: Local
[3940:09F8][2026-01-13T11:03:25]i101: Detected package: launcher_JustForMe, state: Absent, cached: None
[3940:09F8][2026-01-13T11:03:25]i104: Detected package: launcher_JustForMe, feature: DefaultFeature, state: Absent
[3940:09F8][2026-01-13T11:03:25]i104: Detected package: launcher_JustForMe, feature: AssociateFiles, state: Absent
[3940:09F8][2026-01-13T11:03:25]i101: Detected package: pip_AllUsers, state: Absent, cached: Complete
[3940:09F8][2026-01-13T11:03:25]i101: Detected package: pip_JustForMe, state: Present, cached: Complete
[3940:09F8][2026-01-13T11:03:25]i101: Detected package: path_AllUsers, state: Absent, cached: Complete
[3940:09F8][2026-01-13T11:03:25]i101: Detected package: path_JustForMe, state: Present, cached: Complete
[3940:09F8][2026-01-13T11:03:25]i101: Detected package: appendpath_AllUsers, state: Absent, cached: None
[3940:09F8][2026-01-13T11:03:25]i101: Detected package: appendpath_JustForMe, state: Absent, cached: None
[3940:09F8][2026-01-13T11:03:25]i101: Detected package: compileall_AllUsers, state: Absent, cached: None
[3940:09F8][2026-01-13T11:03:25]i101: Detected package: compileallO_AllUsers, state: Absent, cached: None
[3940:09F8][2026-01-13T11:03:25]i101: Detected package: compileallOO_AllUsers, state: Absent, cached: None
[3940:09F8][2026-01-13T11:03:25]i101: Detected package: compileall_JustForMe, state: Absent, cached: None
[3940:09F8][2026-01-13T11:03:25]i101: Detected package: compileallO_JustForMe, state: Absent, cached: None
[3940:09F8][2026-01-13T11:03:25]i101: Detected package: compileallOO_JustForMe, state: Absent, cached: None
[3940:09F8][2026-01-13T11:03:25]i199: Detect complete, result: 0x0
[3940:4AA0][2026-01-13T11:03:25]i000: Setting string variable 'ActionLikeInstalling' to value 'Updating'
[3940:4AA0][2026-01-13T11:03:25]i000: Setting string variable 'ActionLikeInstallation' to value 'Modify'
[3940:09F8][2026-01-13T11:03:25]i200: Plan begin, 54 packages, action: Modify
[3940:09F8][2026-01-13T11:03:25]i052: Condition 'InstallAllUsers and not CRTInstalled and (Include_core or Include_exe or Include_pip) and not LauncherOnly' evaluates to false.
[3940:09F8][2026-01-13T11:03:25]i052: Condition 'InstallAllUsers and not CRTInstalled and (Include_core or Include_exe or Include_pip) and not LauncherOnly' evaluates to false.
[3940:09F8][2026-01-13T11:03:25]w322: Skipping cross-scope dependency registration on package: ucrt_AllUsers, bundle scope: PerUser, package scope: PerMachine
[3940:09F8][2026-01-13T11:03:25]i052: Condition 'not InstallAllUsers and not CRTInstalled and (Include_core or Include_exe or Include_pip) and not LauncherOnly' evaluates to false.
[3940:09F8][2026-01-13T11:03:25]i052: Condition 'not InstallAllUsers and not CRTInstalled and (Include_core or Include_exe or Include_pip) and not LauncherOnly' evaluates to false.
[3940:09F8][2026-01-13T11:03:25]i052: Condition 'InstallAllUsers and (Include_core or Include_exe or Include_launcher or Include_pip) and not LauncherOnly' evaluates to true.
[3940:09F8][2026-01-13T11:03:25]i052: Condition 'InstallAllUsers and (Include_core or Include_exe or Include_launcher or Include_pip) and not LauncherOnly' evaluates to true.
[3940:09F8][2026-01-13T11:03:25]w322: Skipping cross-scope dependency registration on package: core_AllUsers, bundle scope: PerUser, package scope: PerMachine
[3940:09F8][2026-01-13T11:03:25]i000: Setting string variable 'WixBundleRollbackLog_core_AllUsers' to value 'C:\Users\falhe\Downloads\delusional-fix-libs\delusional-fix-libs\install-python_000_core_AllUsers_rollback.log'
[3940:09F8][2026-01-13T11:03:25]i000: Setting string variable 'WixBundleLog_core_AllUsers' to value 'C:\Users\falhe\Downloads\delusional-fix-libs\delusional-fix-libs\install-python_000_core_AllUsers.log'
[3940:09F8][2026-01-13T11:03:25]i052: Condition 'InstallAllUsers and (Include_core or Include_exe or Include_launcher or Include_pip) and Include_symbols and not LauncherOnly' evaluates to false.
[3940:09F8][2026-01-13T11:03:25]i052: Condition 'InstallAllUsers and (Include_core or Include_exe or Include_launcher or Include_pip) and Include_symbols and not LauncherOnly' evaluates to false.
[3940:09F8][2026-01-13T11:03:25]w322: Skipping cross-scope dependency registration on package: core_AllUsers_pdb, bundle scope: PerUser, package scope: PerMachine
[3940:09F8][2026-01-13T11:03:25]i052: Condition 'InstallAllUsers and (Include_core or Include_exe or Include_launcher or Include_pip) and Include_debug and not LauncherOnly' evaluates to false.
[3940:09F8][2026-01-13T11:03:25]i052: Condition 'InstallAllUsers and (Include_core or Include_exe or Include_launcher or Include_pip) and Include_debug and not LauncherOnly' evaluates to false.
[3940:09F8][2026-01-13T11:03:25]w322: Skipping cross-scope dependency registration on package: core_AllUsers_d, bundle scope: PerUser, package scope: PerMachine
[3940:09F8][2026-01-13T11:03:25]i052: Condition 'not InstallAllUsers and (Include_core or Include_exe or Include_launcher or Include_pip) and not LauncherOnly' evaluates to false.
[3940:09F8][2026-01-13T11:03:25]i052: Condition 'not InstallAllUsers and (Include_core or Include_exe or Include_launcher or Include_pip) and not LauncherOnly' evaluates to false.
[3940:09F8][2026-01-13T11:03:25]i000: Setting string variable 'WixBundleRollbackLog_core_JustForMe' to value 'C:\Users\falhe\Downloads\delusional-fix-libs\delusional-fix-libs\install-python_001_core_JustForMe_rollback.log'
[3940:09F8][2026-01-13T11:03:25]i000: Setting string variable 'WixBundleLog_core_JustForMe' to value 'C:\Users\falhe\Downloads\delusional-fix-libs\delusional-fix-libs\install-python_001_core_JustForMe.log'
[3940:09F8][2026-01-13T11:03:25]i052: Condition 'not InstallAllUsers and (Include_core or Include_exe or Include_launcher or Include_pip) and Include_symbols and not LauncherOnly' evaluates to false.
[3940:09F8][2026-01-13T11:03:25]i052: Condition 'not InstallAllUsers and (Include_core or Include_exe or Include_launcher or Include_pip) and Include_symbols and not LauncherOnly' evaluates to false.
[3940:09F8][2026-01-13T11:03:25]i052: Condition 'not InstallAllUsers and (Include_core or Include_exe or Include_launcher or Include_pip) and Include_debug and not LauncherOnly' evaluates to false.
[3940:09F8][2026-01-13T11:03:25]i052: Condition 'not InstallAllUsers and (Include_core or Include_exe or Include_launcher or Include_pip) and Include_debug and not LauncherOnly' evaluates to false.
[3940:09F8][2026-01-13T11:03:25]i052: Condition 'InstallAllUsers and (Include_exe or Include_launcher or Include_pip) and not LauncherOnly' evaluates to true.
[3940:09F8][2026-01-13T11:03:25]i052: Condition 'InstallAllUsers and (Include_exe or Include_launcher or Include_pip) and not LauncherOnly' evaluates to true.
[3940:09F8][2026-01-13T11:03:25]i204: Plan 2 msi features for package: exe_AllUsers
[3940:09F8][2026-01-13T11:03:25]i203: Planned feature: DefaultFeature, state: Absent, default requested: Unknown, ba requested: Local, execute action: AddLocal, rollback action: Remove
[3940:09F8][2026-01-13T11:03:25]i203: Planned feature: Shortcuts, state: Absent, default requested: Unknown, ba requested: Local, execute action: AddLocal, rollback action: Remove
[3940:09F8][2026-01-13T11:03:25]w322: Skipping cross-scope dependency registration on package: exe_AllUsers, bundle scope: PerUser, package scope: PerMachine
[3940:09F8][2026-01-13T11:03:25]i000: Setting string variable 'WixBundleRollbackLog_exe_AllUsers' to value 'C:\Users\falhe\Downloads\delusional-fix-libs\delusional-fix-libs\install-python_002_exe_AllUsers_rollback.log'
[3940:09F8][2026-01-13T11:03:25]i000: Setting string variable 'WixBundleLog_exe_AllUsers' to value 'C:\Users\falhe\Downloads\delusional-fix-libs\delusional-fix-libs\install-python_002_exe_AllUsers.log'
[3940:09F8][2026-01-13T11:03:25]i052: Condition 'InstallAllUsers and (Include_exe or Include_launcher or Include_pip) and Include_symbols and not LauncherOnly' evaluates to false.
[3940:09F8][2026-01-13T11:03:25]i052: Condition 'InstallAllUsers and (Include_exe or Include_launcher or Include_pip) and Include_symbols and not LauncherOnly' evaluates to false.
[3940:09F8][2026-01-13T11:03:25]w322: Skipping cross-scope dependency registration on package: exe_AllUsers_pdb, bundle scope: PerUser, package scope: PerMachine
[3940:09F8][2026-01-13T11:03:25]i052: Condition 'InstallAllUsers and (Include_exe or Include_launcher or Include_pip) and Include_debug and not LauncherOnly' evaluates to false.
[3940:09F8][2026-01-13T11:03:25]i052: Condition 'InstallAllUsers and (Include_exe or Include_launcher or Include_pip) and Include_debug and not LauncherOnly' evaluates to false.
[3940:09F8][2026-01-13T11:03:25]w322: Skipping cross-scope dependency registration on package: exe_AllUsers_d, bundle scope: PerUser, package scope: PerMachine
[3940:09F8][2026-01-13T11:03:25]i052: Condition 'not InstallAllUsers and (Include_exe or Include_launcher or Include_pip) and not LauncherOnly' evaluates to false.
[3940:09F8][2026-01-13T11:03:25]i052: Condition 'not InstallAllUsers and (Include_exe or Include_launcher or Include_pip) and not LauncherOnly' evaluates to false.
[3940:09F8][2026-01-13T11:03:25]i204: Plan 2 msi features for package: exe_JustForMe
[3940:09F8][2026-01-13T11:03:25]i203: Planned feature: DefaultFeature, state: Local, default requested: Unknown, ba requested: Local, execute action: None, rollback action: None
[3940:09F8][2026-01-13T11:03:25]i203: Planned feature: Shortcuts, state: Local, default requested: Unknown, ba requested: Local, execute action: None, rollback action: None
[3940:09F8][2026-01-13T11:03:25]i000: Setting string variable 'WixBundleRollbackLog_exe_JustForMe' to value 'C:\Users\falhe\Downloads\delusional-fix-libs\delusional-fix-libs\install-python_003_exe_JustForMe_rollback.log'
[3940:09F8][2026-01-13T11:03:25]i000: Setting string variable 'WixBundleLog_exe_JustForMe' to value 'C:\Users\falhe\Downloads\delusional-fix-libs\delusional-fix-libs\install-python_003_exe_JustForMe.log'
[3940:09F8][2026-01-13T11:03:25]i052: Condition 'not InstallAllUsers and (Include_exe or Include_launcher or Include_pip) and Include_symbols and not LauncherOnly' evaluates to false.
[3940:09F8][2026-01-13T11:03:25]i052: Condition 'not InstallAllUsers and (Include_exe or Include_launcher or Include_pip) and Include_symbols and not LauncherOnly' evaluates to false.
[3940:09F8][2026-01-13T11:03:25]i052: Condition 'not InstallAllUsers and (Include_exe or Include_launcher or Include_pip) and Include_debug and not LauncherOnly' evaluates to false.
[3940:09F8][2026-01-13T11:03:25]i052: Condition 'not InstallAllUsers and (Include_exe or Include_launcher or Include_pip) and Include_debug and not LauncherOnly' evaluates to false.
[3940:09F8][2026-01-13T11:03:25]i052: Condition 'InstallAllUsers and Include_dev and not LauncherOnly' evaluates to true.
[3940:09F8][2026-01-13T11:03:25]i052: Condition 'InstallAllUsers and Include_dev and not LauncherOnly' evaluates to true.
[3940:09F8][2026-01-13T11:03:25]w322: Skipping cross-scope dependency registration on package: dev_AllUsers, bundle scope: PerUser, package scope: PerMachine
[3940:09F8][2026-01-13T11:03:25]i000: Setting string variable 'WixBundleRollbackLog_dev_AllUsers' to value 'C:\Users\falhe\Downloads\delusional-fix-libs\delusional-fix-libs\install-python_004_dev_AllUsers_rollback.log'
[3940:09F8][2026-01-13T11:03:25]i000: Setting string variable 'WixBundleLog_dev_AllUsers' to value 'C:\Users\falhe\Downloads\delusional-fix-libs\delusional-fix-libs\install-python_004_dev_AllUsers.log'
[3940:09F8][2026-01-13T11:03:25]i052: Condition 'InstallAllUsers and Include_dev and Include_debug and not LauncherOnly' evaluates to false.
[3940:09F8][2026-01-13T11:03:25]i052: Condition 'InstallAllUsers and Include_dev and Include_debug and not LauncherOnly' evaluates to false.
[3940:09F8][2026-01-13T11:03:25]w322: Skipping cross-scope dependency registration on package: dev_AllUsers_d, bundle scope: PerUser, package scope: PerMachine
[3940:09F8][2026-01-13T11:03:25]i052: Condition 'not InstallAllUsers and Include_dev and not LauncherOnly' evaluates to false.
[3940:09F8][2026-01-13T11:03:25]i052: Condition 'not InstallAllUsers and Include_dev and not LauncherOnly' evaluates to false.
[3940:09F8][2026-01-13T11:03:25]i000: Setting string variable 'WixBundleRollbackLog_dev_JustForMe' to value 'C:\Users\falhe\Downloads\delusional-fix-libs\delusional-fix-libs\install-python_005_dev_JustForMe_rollback.log'
[3940:09F8][2026-01-13T11:03:25]i000: Setting string variable 'WixBundleLog_dev_JustForMe' to value 'C:\Users\falhe\Downloads\delusional-fix-libs\delusional-fix-libs\install-python_005_dev_JustForMe.log'
[3940:09F8][2026-01-13T11:03:25]i052: Condition 'not InstallAllUsers and Include_dev and Include_debug and not LauncherOnly' evaluates to false.
[3940:09F8][2026-01-13T11:03:25]i052: Condition 'not InstallAllUsers and Include_dev and Include_debug and not LauncherOnly' evaluates to false.
[3940:09F8][2026-01-13T11:03:25]i052: Condition 'InstallAllUsers and Include_lib and not LauncherOnly' evaluates to true.
[3940:09F8][2026-01-13T11:03:25]i052: Condition 'InstallAllUsers and Include_lib and not LauncherOnly' evaluates to true.
[3940:09F8][2026-01-13T11:03:25]w322: Skipping cross-scope dependency registration on package: lib_AllUsers, bundle scope: PerUser, package scope: PerMachine
[3940:09F8][2026-01-13T11:03:25]i000: Setting string variable 'WixBundleRollbackLog_lib_AllUsers' to value 'C:\Users\falhe\Downloads\delusional-fix-libs\delusional-fix-libs\install-python_006_lib_AllUsers_rollback.log'
[3940:09F8][2026-01-13T11:03:25]i000: Setting string variable 'WixBundleLog_lib_AllUsers' to value 'C:\Users\falhe\Downloads\delusional-fix-libs\delusional-fix-libs\install-python_006_lib_AllUsers.log'
[3940:09F8][2026-01-13T11:03:25]i052: Condition 'InstallAllUsers and Include_lib and Include_symbols and not LauncherOnly' evaluates to false.
[3940:09F8][2026-01-13T11:03:25]i052: Condition 'InstallAllUsers and Include_lib and Include_symbols and not LauncherOnly' evaluates to false.
[3940:09F8][2026-01-13T11:03:25]w322: Skipping cross-scope dependency registration on package: lib_AllUsers_pdb, bundle scope: PerUser, package scope: PerMachine
[3940:09F8][2026-01-13T11:03:25]i052: Condition 'InstallAllUsers and Include_lib and Include_debug and not LauncherOnly' evaluates to false.
[3940:09F8][2026-01-13T11:03:25]i052: Condition 'InstallAllUsers and Include_lib and Include_debug and not LauncherOnly' evaluates to false.
[3940:09F8][2026-01-13T11:03:25]w322: Skipping cross-scope dependency registration on package: lib_AllUsers_d, bundle scope: PerUser, package scope: PerMachine
[3940:09F8][2026-01-13T11:03:25]i052: Condition 'not InstallAllUsers and Include_lib and not LauncherOnly' evaluates to false.
[3940:09F8][2026-01-13T11:03:25]i052: Condition 'not InstallAllUsers and Include_lib and not LauncherOnly' evaluates to false.
[3940:09F8][2026-01-13T11:03:25]i000: Setting string variable 'WixBundleRollbackLog_lib_JustForMe' to value 'C:\Users\falhe\Downloads\delusional-fix-libs\delusional-fix-libs\install-python_007_lib_JustForMe_rollback.log'
[3940:09F8][2026-01-13T11:03:25]i000: Setting string variable 'WixBundleLog_lib_JustForMe' to value 'C:\Users\falhe\Downloads\delusional-fix-libs\delusional-fix-libs\install-python_007_lib_JustForMe.log'
[3940:09F8][2026-01-13T11:03:25]i052: Condition 'not InstallAllUsers and Include_lib and Include_symbols and not LauncherOnly' evaluates to false.
[3940:09F8][2026-01-13T11:03:25]i052: Condition 'not InstallAllUsers and Include_lib and Include_symbols and not LauncherOnly' evaluates to false.
[3940:09F8][2026-01-13T11:03:25]i052: Condition 'not InstallAllUsers and Include_lib and Include_debug and not LauncherOnly' evaluates to false.
[3940:09F8][2026-01-13T11:03:25]i052: Condition 'not InstallAllUsers and Include_lib and Include_debug and not LauncherOnly' evaluates to false.
[3940:09F8][2026-01-13T11:03:25]i052: Condition 'InstallAllUsers and Include_test and not LauncherOnly' evaluates to true.
[3940:09F8][2026-01-13T11:03:25]i052: Condition 'InstallAllUsers and Include_test and not LauncherOnly' evaluates to true.
[3940:09F8][2026-01-13T11:03:25]w322: Skipping cross-scope dependency registration on package: test_AllUsers, bundle scope: PerUser, package scope: PerMachine
[3940:09F8][2026-01-13T11:03:25]i000: Setting string variable 'WixBundleRollbackLog_test_AllUsers' to value 'C:\Users\falhe\Downloads\delusional-fix-libs\delusional-fix-libs\install-python_008_test_AllUsers_rollback.log'
[3940:09F8][2026-01-13T11:03:25]i000: Setting string variable 'WixBundleLog_test_AllUsers' to value 'C:\Users\falhe\Downloads\delusional-fix-libs\delusional-fix-libs\install-python_008_test_AllUsers.log'
[3940:09F8][2026-01-13T11:03:25]i052: Condition 'InstallAllUsers and Include_test and Include_symbols and not LauncherOnly' evaluates to false.
[3940:09F8][2026-01-13T11:03:25]i052: Condition 'InstallAllUsers and Include_test and Include_symbols and not LauncherOnly' evaluates to false.
[3940:09F8][2026-01-13T11:03:25]w322: Skipping cross-scope dependency registration on package: test_AllUsers_pdb, bundle scope: PerUser, package scope: PerMachine
[3940:09F8][2026-01-13T11:03:25]i052: Condition 'InstallAllUsers and Include_test and Include_debug and not LauncherOnly' evaluates to false.
[3940:09F8][2026-01-13T11:03:25]i052: Condition 'InstallAllUsers and Include_test and Include_debug and not LauncherOnly' evaluates to false.
[3940:09F8][2026-01-13T11:03:25]w322: Skipping cross-scope dependency registration on package: test_AllUsers_d, bundle scope: PerUser, package scope: PerMachine
[3940:09F8][2026-01-13T11:03:25]i052: Condition 'not InstallAllUsers and Include_test and not LauncherOnly' evaluates to false.
[3940:09F8][2026-01-13T11:03:25]i052: Condition 'not InstallAllUsers and Include_test and not LauncherOnly' evaluates to false.
[3940:09F8][2026-01-13T11:03:25]i000: Setting string variable 'WixBundleRollbackLog_test_JustForMe' to value 'C:\Users\falhe\Downloads\delusional-fix-libs\delusional-fix-libs\install-python_009_test_JustForMe_rollback.log'
[3940:09F8][2026-01-13T11:03:25]i000: Setting string variable 'WixBundleLog_test_JustForMe' to value 'C:\Users\falhe\Downloads\delusional-fix-libs\delusional-fix-libs\install-python_009_test_JustForMe.log'
[3940:09F8][2026-01-13T11:03:25]i052: Condition 'not InstallAllUsers and Include_test and Include_symbols and not LauncherOnly' evaluates to false.
[3940:09F8][2026-01-13T11:03:25]i052: Condition 'not InstallAllUsers and Include_test and Include_symbols and not LauncherOnly' evaluates to false.
[3940:09F8][2026-01-13T11:03:25]i052: Condition 'not InstallAllUsers and Include_test and Include_debug and not LauncherOnly' evaluates to false.
[3940:09F8][2026-01-13T11:03:25]i052: Condition 'not InstallAllUsers and Include_test and Include_debug and not LauncherOnly' evaluates to false.
[3940:09F8][2026-01-13T11:03:25]i052: Condition 'InstallAllUsers and Include_doc and not LauncherOnly' evaluates to true.
[3940:09F8][2026-01-13T11:03:25]i052: Condition 'InstallAllUsers and Include_doc and not LauncherOnly' evaluates to true.
[3940:09F8][2026-01-13T11:03:25]i204: Plan 2 msi features for package: doc_AllUsers
[3940:09F8][2026-01-13T11:03:25]i203: Planned feature: DefaultFeature, state: Absent, default requested: Unknown, ba requested: Local, execute action: AddLocal, rollback action: Remove
[3940:09F8][2026-01-13T11:03:25]i203: Planned feature: Shortcuts, state: Absent, default requested: Unknown, ba requested: Local, execute action: AddLocal, rollback action: Remove
[3940:09F8][2026-01-13T11:03:25]w322: Skipping cross-scope dependency registration on package: doc_AllUsers, bundle scope: PerUser, package scope: PerMachine
[3940:09F8][2026-01-13T11:03:25]i000: Setting string variable 'WixBundleRollbackLog_doc_AllUsers' to value 'C:\Users\falhe\Downloads\delusional-fix-libs\delusional-fix-libs\install-python_010_doc_AllUsers_rollback.log'
[3940:09F8][2026-01-13T11:03:25]i000: Setting string variable 'WixBundleLog_doc_AllUsers' to value 'C:\Users\falhe\Downloads\delusional-fix-libs\delusional-fix-libs\install-python_010_doc_AllUsers.log'
[3940:09F8][2026-01-13T11:03:25]i052: Condition 'not InstallAllUsers and Include_doc and not LauncherOnly' evaluates to false.
[3940:09F8][2026-01-13T11:03:25]i052: Condition 'not InstallAllUsers and Include_doc and not LauncherOnly' evaluates to false.
[3940:09F8][2026-01-13T11:03:25]i204: Plan 2 msi features for package: doc_JustForMe
[3940:09F8][2026-01-13T11:03:25]i203: Planned feature: DefaultFeature, state: Local, default requested: Unknown, ba requested: Local, execute action: None, rollback action: None
[3940:09F8][2026-01-13T11:03:25]i203: Planned feature: Shortcuts, state: Local, default requested: Unknown, ba requested: Local, execute action: None, rollback action: None
[3940:09F8][2026-01-13T11:03:25]i000: Setting string variable 'WixBundleRollbackLog_doc_JustForMe' to value 'C:\Users\falhe\Downloads\delusional-fix-libs\delusional-fix-libs\install-python_011_doc_JustForMe_rollback.log'
[3940:09F8][2026-01-13T11:03:25]i000: Setting string variable 'WixBundleLog_doc_JustForMe' to value 'C:\Users\falhe\Downloads\delusional-fix-libs\delusional-fix-libs\install-python_011_doc_JustForMe.log'
[3940:09F8][2026-01-13T11:03:25]i052: Condition 'InstallAllUsers and Include_tools and not LauncherOnly' evaluates to true.
[3940:09F8][2026-01-13T11:03:25]i052: Condition 'InstallAllUsers and Include_tools and not LauncherOnly' evaluates to true.
[3940:09F8][2026-01-13T11:03:25]w322: Skipping cross-scope dependency registration on package: tools_AllUsers, bundle scope: PerUser, package scope: PerMachine
[3940:09F8][2026-01-13T11:03:25]i000: Setting string variable 'WixBundleRollbackLog_tools_AllUsers' to value 'C:\Users\falhe\Downloads\delusional-fix-libs\delusional-fix-libs\install-python_012_tools_AllUsers_rollback.log'
[3940:09F8][2026-01-13T11:03:25]i000: Setting string variable 'WixBundleLog_tools_AllUsers' to value 'C:\Users\falhe\Downloads\delusional-fix-libs\delusional-fix-libs\install-python_012_tools_AllUsers.log'
[3940:09F8][2026-01-13T11:03:25]i052: Condition 'not InstallAllUsers and Include_tools and not LauncherOnly' evaluates to false.
[3940:09F8][2026-01-13T11:03:25]i052: Condition 'not InstallAllUsers and Include_tools and not LauncherOnly' evaluates to false.
[3940:09F8][2026-01-13T11:03:25]i000: Setting string variable 'WixBundleRollbackLog_tools_JustForMe' to value 'C:\Users\falhe\Downloads\delusional-fix-libs\delusional-fix-libs\install-python_013_tools_JustForMe_rollback.log'
[3940:09F8][2026-01-13T11:03:25]i000: Setting string variable 'WixBundleLog_tools_JustForMe' to value 'C:\Users\falhe\Downloads\delusional-fix-libs\delusional-fix-libs\install-python_013_tools_JustForMe.log'
[3940:09F8][2026-01-13T11:03:25]i052: Condition 'InstallAllUsers and Include_tcltk and not LauncherOnly' evaluates to true.
[3940:09F8][2026-01-13T11:03:25]i052: Condition 'InstallAllUsers and Include_tcltk and not LauncherOnly' evaluates to true.
[3940:09F8][2026-01-13T11:03:25]i204: Plan 3 msi features for package: tcltk_AllUsers
[3940:09F8][2026-01-13T11:03:25]i203: Planned feature: DefaultFeature, state: Absent, default requested: Unknown, ba requested: Local, execute action: AddLocal, rollback action: Remove
[3940:09F8][2026-01-13T11:03:25]i203: Planned feature: AssociateFiles, state: Absent, default requested: Unknown, ba requested: Local, execute action: AddLocal, rollback action: Remove
[3940:09F8][2026-01-13T11:03:25]i203: Planned feature: Shortcuts, state: Absent, default requested: Unknown, ba requested: Local, execute action: AddLocal, rollback action: Remove
[3940:09F8][2026-01-13T11:03:25]w322: Skipping cross-scope dependency registration on package: tcltk_AllUsers, bundle scope: PerUser, package scope: PerMachine
[3940:09F8][2026-01-13T11:03:25]i000: Setting string variable 'WixBundleRollbackLog_tcltk_AllUsers' to value 'C:\Users\falhe\Downloads\delusional-fix-libs\delusional-fix-libs\install-python_014_tcltk_AllUsers_rollback.log'
[3940:09F8][2026-01-13T11:03:25]i000: Setting string variable 'WixBundleLog_tcltk_AllUsers' to value 'C:\Users\falhe\Downloads\delusional-fix-libs\delusional-fix-libs\install-python_014_tcltk_AllUsers.log'
[3940:09F8][2026-01-13T11:03:25]i052: Condition 'InstallAllUsers and Include_tcltk and Include_symbols and not LauncherOnly' evaluates to false.
[3940:09F8][2026-01-13T11:03:25]i052: Condition 'InstallAllUsers and Include_tcltk and Include_symbols and not LauncherOnly' evaluates to false.
[3940:09F8][2026-01-13T11:03:25]i204: Plan 1 msi features for package: tcltk_AllUsers_pdb
[3940:09F8][2026-01-13T11:03:25]i203: Planned feature: Symbols, state: Absent, default requested: Unknown, ba requested: Local, execute action: AddLocal, rollback action: Remove
[3940:09F8][2026-01-13T11:03:25]w322: Skipping cross-scope dependency registration on package: tcltk_AllUsers_pdb, bundle scope: PerUser, package scope: PerMachine
[3940:09F8][2026-01-13T11:03:25]i052: Condition 'InstallAllUsers and Include_tcltk and Include_debug and not LauncherOnly' evaluates to false.
[3940:09F8][2026-01-13T11:03:25]i052: Condition 'InstallAllUsers and Include_tcltk and Include_debug and not LauncherOnly' evaluates to false.
[3940:09F8][2026-01-13T11:03:25]i204: Plan 1 msi features for package: tcltk_AllUsers_d
[3940:09F8][2026-01-13T11:03:25]i203: Planned feature: DebugBinaries, state: Absent, default requested: Unknown, ba requested: Local, execute action: AddLocal, rollback action: Remove
[3940:09F8][2026-01-13T11:03:25]w322: Skipping cross-scope dependency registration on package: tcltk_AllUsers_d, bundle scope: PerUser, package scope: PerMachine
[3940:09F8][2026-01-13T11:03:25]i052: Condition 'not InstallAllUsers and Include_tcltk and not LauncherOnly' evaluates to false.
[3940:09F8][2026-01-13T11:03:25]i052: Condition 'not InstallAllUsers and Include_tcltk and not LauncherOnly' evaluates to false.
[3940:09F8][2026-01-13T11:03:25]i204: Plan 3 msi features for package: tcltk_JustForMe
[3940:09F8][2026-01-13T11:03:25]i203: Planned feature: DefaultFeature, state: Local, default requested: Unknown, ba requested: Local, execute action: None, rollback action: None
[3940:09F8][2026-01-13T11:03:25]i203: Planned feature: AssociateFiles, state: Local, default requested: Unknown, ba requested: Local, execute action: None, rollback action: None
[3940:09F8][2026-01-13T11:03:25]i203: Planned feature: Shortcuts, state: Local, default requested: Unknown, ba requested: Local, execute action: None, rollback action: None
[3940:09F8][2026-01-13T11:03:25]i000: Setting string variable 'WixBundleRollbackLog_tcltk_JustForMe' to value 'C:\Users\falhe\Downloads\delusional-fix-libs\delusional-fix-libs\install-python_015_tcltk_JustForMe_rollback.log'
[3940:09F8][2026-01-13T11:03:25]i000: Setting string variable 'WixBundleLog_tcltk_JustForMe' to value 'C:\Users\falhe\Downloads\delusional-fix-libs\delusional-fix-libs\install-python_015_tcltk_JustForMe.log'
[3940:09F8][2026-01-13T11:03:25]i052: Condition 'not InstallAllUsers and Include_tcltk and Include_symbols and not LauncherOnly' evaluates to false.
[3940:09F8][2026-01-13T11:03:25]i052: Condition 'not InstallAllUsers and Include_tcltk and Include_symbols and not LauncherOnly' evaluates to false.
[3940:09F8][2026-01-13T11:03:25]i204: Plan 1 msi features for package: tcltk_JustForMe_pdb
[3940:09F8][2026-01-13T11:03:25]i203: Planned feature: Symbols, state: Absent, default requested: Unknown, ba requested: Local, execute action: AddLocal, rollback action: Remove
[3940:09F8][2026-01-13T11:03:25]i052: Condition 'not InstallAllUsers and Include_tcltk and Include_debug and not LauncherOnly' evaluates to false.
[3940:09F8][2026-01-13T11:03:25]i052: Condition 'not InstallAllUsers and Include_tcltk and Include_debug and not LauncherOnly' evaluates to false.
[3940:09F8][2026-01-13T11:03:25]i204: Plan 1 msi features for package: tcltk_JustForMe_d
[3940:09F8][2026-01-13T11:03:25]i203: Planned feature: DebugBinaries, state: Absent, default requested: Unknown, ba requested: Local, execute action: AddLocal, rollback action: Remove
[3940:09F8][2026-01-13T11:03:25]i052: Condition '(InstallAllUsers or InstallLauncherAllUsers) and Include_launcher and not DetectedLauncher' evaluates to false.
[3940:09F8][2026-01-13T11:03:25]i052: Condition '(InstallAllUsers or InstallLauncherAllUsers) and Include_launcher and not DetectedLauncher' evaluates to false.
[3940:09F8][2026-01-13T11:03:25]i204: Plan 2 msi features for package: launcher_AllUsers
[3940:09F8][2026-01-13T11:03:25]i203: Planned feature: DefaultFeature, state: Local, default requested: Unknown, ba requested: Local, execute action: None, rollback action: None
[3940:09F8][2026-01-13T11:03:25]i203: Planned feature: AssociateFiles, state: Local, default requested: Unknown, ba requested: Local, execute action: None, rollback action: None
[3940:09F8][2026-01-13T11:03:25]w322: Skipping cross-scope dependency registration on package: launcher_AllUsers, bundle scope: PerUser, package scope: PerMachine
[3940:09F8][2026-01-13T11:03:25]i052: Condition 'not (InstallAllUsers or InstallLauncherAllUsers) and Include_launcher and not DetectedLauncher' evaluates to false.
[3940:09F8][2026-01-13T11:03:25]i052: Condition 'not (InstallAllUsers or InstallLauncherAllUsers) and Include_launcher and not DetectedLauncher' evaluates to false.
[3940:09F8][2026-01-13T11:03:25]i204: Plan 2 msi features for package: launcher_JustForMe
[3940:09F8][2026-01-13T11:03:25]i203: Planned feature: DefaultFeature, state: Absent, default requested: Unknown, ba requested: Local, execute action: AddLocal, rollback action: Remove
[3940:09F8][2026-01-13T11:03:25]i203: Planned feature: AssociateFiles, state: Absent, default requested: Unknown, ba requested: Local, execute action: AddLocal, rollback action: Remove
[3940:09F8][2026-01-13T11:03:25]i052: Condition 'InstallAllUsers and Include_pip and not LauncherOnly' evaluates to true.
[3940:09F8][2026-01-13T11:03:25]i052: Condition 'InstallAllUsers and Include_pip and not LauncherOnly' evaluates to true.
[3940:09F8][2026-01-13T11:03:25]w322: Skipping cross-scope dependency registration on package: pip_AllUsers, bundle scope: PerUser, package scope: PerMachine
[3940:09F8][2026-01-13T11:03:25]i000: Setting string variable 'WixBundleRollbackLog_pip_AllUsers' to value 'C:\Users\falhe\Downloads\delusional-fix-libs\delusional-fix-libs\install-python_016_pip_AllUsers_rollback.log'
[3940:09F8][2026-01-13T11:03:25]i000: Setting string variable 'WixBundleLog_pip_AllUsers' to value 'C:\Users\falhe\Downloads\delusional-fix-libs\delusional-fix-libs\install-python_016_pip_AllUsers.log'
[3940:09F8][2026-01-13T11:03:25]i052: Condition 'not InstallAllUsers and Include_pip and not LauncherOnly' evaluates to false.
[3940:09F8][2026-01-13T11:03:25]i052: Condition 'not InstallAllUsers and Include_pip and not LauncherOnly' evaluates to false.
[3940:09F8][2026-01-13T11:03:25]i000: Setting string variable 'WixBundleRollbackLog_pip_JustForMe' to value 'C:\Users\falhe\Downloads\delusional-fix-libs\delusional-fix-libs\install-python_017_pip_JustForMe_rollback.log'
[3940:09F8][2026-01-13T11:03:25]i000: Setting string variable 'WixBundleLog_pip_JustForMe' to value 'C:\Users\falhe\Downloads\delusional-fix-libs\delusional-fix-libs\install-python_017_pip_JustForMe.log'
[3940:09F8][2026-01-13T11:03:25]i052: Condition 'InstallAllUsers and PrependPath and not LauncherOnly' evaluates to true.
[3940:09F8][2026-01-13T11:03:25]i052: Condition 'InstallAllUsers and PrependPath and not LauncherOnly' evaluates to true.
[3940:09F8][2026-01-13T11:03:25]w322: Skipping cross-scope dependency registration on package: path_AllUsers, bundle scope: PerUser, package scope: PerMachine
[3940:09F8][2026-01-13T11:03:25]i000: Setting string variable 'WixBundleRollbackLog_path_AllUsers' to value 'C:\Users\falhe\Downloads\delusional-fix-libs\delusional-fix-libs\install-python_018_path_AllUsers_rollback.log'
[3940:09F8][2026-01-13T11:03:25]i000: Setting string variable 'WixBundleLog_path_AllUsers' to value 'C:\Users\falhe\Downloads\delusional-fix-libs\delusional-fix-libs\install-python_018_path_AllUsers.log'
[3940:09F8][2026-01-13T11:03:25]i052: Condition 'not InstallAllUsers and PrependPath and not LauncherOnly' evaluates to false.
[3940:09F8][2026-01-13T11:03:25]i052: Condition 'not InstallAllUsers and PrependPath and not LauncherOnly' evaluates to false.
[3940:09F8][2026-01-13T11:03:25]i000: Setting string variable 'WixBundleRollbackLog_path_JustForMe' to value 'C:\Users\falhe\Downloads\delusional-fix-libs\delusional-fix-libs\install-python_019_path_JustForMe_rollback.log'
[3940:09F8][2026-01-13T11:03:25]i000: Setting string variable 'WixBundleLog_path_JustForMe' to value 'C:\Users\falhe\Downloads\delusional-fix-libs\delusional-fix-libs\install-python_019_path_JustForMe.log'
[3940:09F8][2026-01-13T11:03:25]i052: Condition 'InstallAllUsers and AppendPath and not LauncherOnly' evaluates to false.
[3940:09F8][2026-01-13T11:03:25]i052: Condition 'InstallAllUsers and AppendPath and not LauncherOnly' evaluates to false.
[3940:09F8][2026-01-13T11:03:25]w322: Skipping cross-scope dependency registration on package: appendpath_AllUsers, bundle scope: PerUser, package scope: PerMachine
[3940:09F8][2026-01-13T11:03:25]i052: Condition 'not InstallAllUsers and AppendPath and not LauncherOnly' evaluates to false.
[3940:09F8][2026-01-13T11:03:25]i052: Condition 'not InstallAllUsers and AppendPath and not LauncherOnly' evaluates to false.
[3940:09F8][2026-01-13T11:03:25]i052: Condition 'InstallAllUsers and CompileAll and not LauncherOnly' evaluates to false.
[3940:09F8][2026-01-13T11:03:25]i052: Condition 'InstallAllUsers and CompileAll and not LauncherOnly' evaluates to false.
[3940:09F8][2026-01-13T11:03:25]w321: Skipping dependency registration on package with no dependency providers: compileall_AllUsers
[3940:09F8][2026-01-13T11:03:25]i052: Condition 'InstallAllUsers and CompileAll and not LauncherOnly' evaluates to false.
[3940:09F8][2026-01-13T11:03:25]i052: Condition 'InstallAllUsers and CompileAll and not LauncherOnly' evaluates to false.
[3940:09F8][2026-01-13T11:03:25]w321: Skipping dependency registration on package with no dependency providers: compileallO_AllUsers
[3940:09F8][2026-01-13T11:03:25]i052: Condition 'InstallAllUsers and CompileAll and not LauncherOnly' evaluates to false.
[3940:09F8][2026-01-13T11:03:25]i052: Condition 'InstallAllUsers and CompileAll and not LauncherOnly' evaluates to false.
[3940:09F8][2026-01-13T11:03:25]w321: Skipping dependency registration on package with no dependency providers: compileallOO_AllUsers
[3940:09F8][2026-01-13T11:03:25]i052: Condition 'not InstallAllUsers and CompileAll and not LauncherOnly' evaluates to false.
[3940:09F8][2026-01-13T11:03:25]i052: Condition 'not InstallAllUsers and CompileAll and not LauncherOnly' evaluates to false.
[3940:09F8][2026-01-13T11:03:25]w321: Skipping dependency registration on package with no dependency providers: compileall_JustForMe
[3940:09F8][2026-01-13T11:03:25]i052: Condition 'not InstallAllUsers and CompileAll and not LauncherOnly' evaluates to false.
[3940:09F8][2026-01-13T11:03:25]i052: Condition 'not InstallAllUsers and CompileAll and not LauncherOnly' evaluates to false.
[3940:09F8][2026-01-13T11:03:25]w321: Skipping dependency registration on package with no dependency providers: compileallO_JustForMe
[3940:09F8][2026-01-13T11:03:25]i052: Condition 'not InstallAllUsers and CompileAll and not LauncherOnly' evaluates to false.
[3940:09F8][2026-01-13T11:03:25]i052: Condition 'not InstallAllUsers and CompileAll and not LauncherOnly' evaluates to false.
[3940:09F8][2026-01-13T11:03:25]w321: Skipping dependency registration on package with no dependency providers: compileallOO_JustForMe
[3940:09F8][2026-01-13T11:03:25]i201: Planned package: ucrt_AllUsers, state: Absent, default requested: Absent, ba requested: Absent, execute: None, rollback: None, cache: No, uncache: No, dependency: None
[3940:09F8][2026-01-13T11:03:25]i201: Planned package: ucrt_JustForMe, state: Absent, default requested: Absent, ba requested: Absent, execute: None, rollback: None, cache: No, uncache: No, dependency: None
[3940:09F8][2026-01-13T11:03:25]i201: Planned package: core_AllUsers, state: Absent, default requested: Absent, ba requested: Present, execute: Install, rollback: Uninstall, cache: Yes, uncache: No, dependency: None
[3940:09F8][2026-01-13T11:03:25]i201: Planned package: core_AllUsers_pdb, state: Absent, default requested: Absent, ba requested: Absent, execute: None, rollback: None, cache: No, uncache: No, dependency: None
[3940:09F8][2026-01-13T11:03:25]i201: Planned package: core_AllUsers_d, state: Absent, default requested: Absent, ba requested: Absent, execute: None, rollback: None, cache: No, uncache: No, dependency: None
[3940:09F8][2026-01-13T11:03:25]i201: Planned package: core_JustForMe, state: Present, default requested: Absent, ba requested: Absent, execute: Uninstall, rollback: Install, cache: No, uncache: Yes, dependency: Unregister
[3940:09F8][2026-01-13T11:03:25]i201: Planned package: core_JustForMe_pdb, state: Absent, default requested: Absent, ba requested: Absent, execute: None, rollback: None, cache: No, uncache: No, dependency: None
[3940:09F8][2026-01-13T11:03:25]i201: Planned package: core_JustForMe_d, state: Absent, default requested: Absent, ba requested: Absent, execute: None, rollback: None, cache: No, uncache: No, dependency: None
[3940:09F8][2026-01-13T11:03:25]i201: Planned package: exe_AllUsers, state: Absent, default requested: Absent, ba requested: Present, execute: Install, rollback: Uninstall, cache: Yes, uncache: No, dependency: None
[3940:09F8][2026-01-13T11:03:25]i201: Planned package: exe_AllUsers_pdb, state: Absent, default requested: Absent, ba requested: Absent, execute: None, rollback: None, cache: No, uncache: No, dependency: None
[3940:09F8][2026-01-13T11:03:25]i201: Planned package: exe_AllUsers_d, state: Absent, default requested: Absent, ba requested: Absent, execute: None, rollback: None, cache: No, uncache: No, dependency: None
[3940:09F8][2026-01-13T11:03:25]i201: Planned package: exe_JustForMe, state: Present, default requested: Absent, ba requested: Absent, execute: Uninstall, rollback: Install, cache: No, uncache: Yes, dependency: Unregister
[3940:09F8][2026-01-13T11:03:25]i201: Planned package: exe_JustForMe_pdb, state: Absent, default requested: Absent, ba requested: Absent, execute: None, rollback: None, cache: No, uncache: No, dependency: None
[3940:09F8][2026-01-13T11:03:25]i201: Planned package: exe_JustForMe_d, state: Absent, default requested: Absent, ba requested: Absent, execute: None, rollback: None, cache: No, uncache: No, dependency: None
[3940:09F8][2026-01-13T11:03:25]i201: Planned package: dev_AllUsers, state: Absent, default requested: Absent, ba requested: Present, execute: Install, rollback: Uninstall, cache: Yes, uncache: No, dependency: None
[3940:09F8][2026-01-13T11:03:25]i201: Planned package: dev_AllUsers_d, state: Absent, default requested: Absent, ba requested: Absent, execute: None, rollback: None, cache: No, uncache: No, dependency: None
[3940:09F8][2026-01-13T11:03:25]i201: Planned package: dev_JustForMe, state: Present, default requested: Absent, ba requested: Absent, execute: Uninstall, rollback: Install, cache: No, uncache: Yes, dependency: Unregister
[3940:09F8][2026-01-13T11:03:25]i201: Planned package: dev_JustForMe_d, state: Absent, default requested: Absent, ba requested: Absent, execute: None, rollback: None, cache: No, uncache: No, dependency: None
[3940:09F8][2026-01-13T11:03:25]i201: Planned package: lib_AllUsers, state: Absent, default requested: Absent, ba requested: Present, execute: Install, rollback: Uninstall, cache: No, uncache: No, dependency: None
[3940:09F8][2026-01-13T11:03:25]i201: Planned package: lib_AllUsers_pdb, state: Absent, default requested: Absent, ba requested: Absent, execute: None, rollback: None, cache: No, uncache: No, dependency: None
[3940:09F8][2026-01-13T11:03:25]i201: Planned package: lib_AllUsers_d, state: Absent, default requested: Absent, ba requested: Absent, execute: None, rollback: None, cache: No, uncache: No, dependency: None
[3940:09F8][2026-01-13T11:03:25]i201: Planned package: lib_JustForMe, state: Present, default requested: Absent, ba requested: Absent, execute: Uninstall, rollback: Install, cache: No, uncache: Yes, dependency: Unregister
[3940:09F8][2026-01-13T11:03:25]i201: Planned package: lib_JustForMe_pdb, state: Absent, default requested: Absent, ba requested: Absent, execute: None, rollback: None, cache: No, uncache: No, dependency: None
[3940:09F8][2026-01-13T11:03:25]i201: Planned package: lib_JustForMe_d, state: Absent, default requested: Absent, ba requested: Absent, execute: None, rollback: None, cache: No, uncache: No, dependency: None
[3940:09F8][2026-01-13T11:03:25]i201: Planned package: test_AllUsers, state: Absent, default requested: Absent, ba requested: Present, execute: Install, rollback: Uninstall, cache: No, uncache: No, dependency: None
[3940:09F8][2026-01-13T11:03:25]i201: Planned package: test_AllUsers_pdb, state: Absent, default requested: Absent, ba requested: Absent, execute: None, rollback: None, cache: No, uncache: No, dependency: None
[3940:09F8][2026-01-13T11:03:25]i201: Planned package: test_AllUsers_d, state: Absent, default requested: Absent, ba requested: Absent, execute: None, rollback: None, cache: No, uncache: No, dependency: None
[3940:09F8][2026-01-13T11:03:25]i201: Planned package: test_JustForMe, state: Present, default requested: Absent, ba requested: Absent, execute: Uninstall, rollback: Install, cache: No, uncache: Yes, dependency: Unregister
[3940:09F8][2026-01-13T11:03:25]i201: Planned package: test_JustForMe_pdb, state: Absent, default requested: Absent, ba requested: Absent, execute: None, rollback: None, cache: No, uncache: No, dependency: None
[3940:09F8][2026-01-13T11:03:25]i201: Planned package: test_JustForMe_d, state: Absent, default requested: Absent, ba requested: Absent, execute: None, rollback: None, cache: No, uncache: No, dependency: None
[3940:09F8][2026-01-13T11:03:25]i201: Planned package: doc_AllUsers, state: Absent, default requested: Absent, ba requested: Present, execute: Install, rollback: Uninstall, cache: No, uncache: No, dependency: None
[3940:09F8][2026-01-13T11:03:25]i201: Planned package: doc_JustForMe, state: Present, default requested: Absent, ba requested: Absent, execute: Uninstall, rollback: Install, cache: No, uncache: Yes, dependency: Unregister
[3940:09F8][2026-01-13T11:03:25]i201: Planned package: tools_AllUsers, state: Absent, default requested: Absent, ba requested: Present, execute: Install, rollback: Uninstall, cache: No, uncache: No, dependency: None
[3940:09F8][2026-01-13T11:03:25]i201: Planned package: tools_JustForMe, state: Present, default requested: Absent, ba requested: Absent, execute: Uninstall, rollback: Install, cache: No, uncache: Yes, dependency: Unregister
[3940:09F8][2026-01-13T11:03:25]i201: Planned package: tcltk_AllUsers, state: Absent, default requested: Absent, ba requested: Present, execute: Install, rollback: Uninstall, cache: No, uncache: No, dependency: None
[3940:09F8][2026-01-13T11:03:25]i201: Planned package: tcltk_AllUsers_pdb, state: Absent, default requested: Absent, ba requested: Absent, execute: None, rollback: None, cache: No, uncache: No, dependency: None
[3940:09F8][2026-01-13T11:03:25]i201: Planned package: tcltk_AllUsers_d, state: Absent, default requested: Absent, ba requested: Absent, execute: None, rollback: None, cache: No, uncache: No, dependency: None
[3940:09F8][2026-01-13T11:03:25]i201: Planned package: tcltk_JustForMe, state: Present, default requested: Absent, ba requested: Absent, execute: Uninstall, rollback: Install, cache: No, uncache: Yes, dependency: Unregister
[3940:09F8][2026-01-13T11:03:25]i201: Planned package: tcltk_JustForMe_pdb, state: Absent, default requested: Absent, ba requested: Absent, execute: None, rollback: None, cache: No, uncache: No, dependency: None
[3940:09F8][2026-01-13T11:03:25]i201: Planned package: tcltk_JustForMe_d, state: Absent, default requested: Absent, ba requested: Absent, execute: None, rollback: None, cache: No, uncache: No, dependency: None
[3940:09F8][2026-01-13T11:03:25]i201: Planned package: launcher_AllUsers, state: Present, default requested: Absent, ba requested: Absent, execute: None, rollback: None, cache: No, uncache: No, dependency: None
[3940:09F8][2026-01-13T11:03:25]i201: Planned package: launcher_JustForMe, state: Absent, default requested: Absent, ba requested: Absent, execute: None, rollback: None, cache: No, uncache: No, dependency: None
[3940:09F8][2026-01-13T11:03:25]i201: Planned package: pip_AllUsers, state: Absent, default requested: Absent, ba requested: Present, execute: Install, rollback: Uninstall, cache: No, uncache: No, dependency: None
[3940:09F8][2026-01-13T11:03:25]i201: Planned package: pip_JustForMe, state: Present, default requested: Absent, ba requested: Absent, execute: Uninstall, rollback: Install, cache: No, uncache: Yes, dependency: Unregister
[3940:09F8][2026-01-13T11:03:25]i201: Planned package: path_AllUsers, state: Absent, default requested: Absent, ba requested: Present, execute: Install, rollback: Uninstall, cache: No, uncache: No, dependency: None
[3940:09F8][2026-01-13T11:03:25]i201: Planned package: path_JustForMe, state: Present, default requested: Absent, ba requested: Absent, execute: Uninstall, rollback: Install, cache: No, uncache: Yes, dependency: Unregister
[3940:09F8][2026-01-13T11:03:25]i201: Planned package: appendpath_AllUsers, state: Absent, default requested: Absent, ba requested: Absent, execute: None, rollback: None, cache: No, uncache: No, dependency: None
[3940:09F8][2026-01-13T11:03:25]i201: Planned package: appendpath_JustForMe, state: Absent, default requested: Absent, ba requested: Absent, execute: None, rollback: None, cache: No, uncache: No, dependency: None
[3940:09F8][2026-01-13T11:03:25]i201: Planned package: compileall_AllUsers, state: Absent, default requested: Absent, ba requested: Absent, execute: None, rollback: None, cache: No, uncache: No, dependency: None
[3940:09F8][2026-01-13T11:03:25]i201: Planned package: compileallO_AllUsers, state: Absent, default requested: Absent, ba requested: Absent, execute: None, rollback: None, cache: No, uncache: No, dependency: None
[3940:09F8][2026-01-13T11:03:25]i201: Planned package: compileallOO_AllUsers, state: Absent, default requested: Absent, ba requested: Absent, execute: None, rollback: None, cache: No, uncache: No, dependency: None
[3940:09F8][2026-01-13T11:03:25]i201: Planned package: compileall_JustForMe, state: Absent, default requested: Absent, ba requested: Absent, execute: None, rollback: None, cache: No, uncache: No, dependency: None
[3940:09F8][2026-01-13T11:03:25]i201: Planned package: compileallO_JustForMe, state: Absent, default requested: Absent, ba requested: Absent, execute: None, rollback: None, cache: No, uncache: No, dependency: None
[3940:09F8][2026-01-13T11:03:25]i201: Planned package: compileallOO_JustForMe, state: Absent, default requested: Absent, ba requested: Absent, execute: None, rollback: None, cache: No, uncache: No, dependency: None
[3940:09F8][2026-01-13T11:03:25]i299: Plan complete, result: 0x0
[3940:09F8][2026-01-13T11:03:25]i300: Apply begin
[3940:09F8][2026-01-13T11:03:25]i010: Launching elevated engine process.
[3940:09F8][2026-01-13T11:03:25]i011: Launched elevated engine process.
[3940:09F8][2026-01-13T11:03:25]i012: Connected to elevated engine.
[0998:5D08][2026-01-13T11:03:25]i358: Pausing automatic updates.
[0998:5D08][2026-01-13T11:03:25]i359: Paused automatic updates.
[0998:5D08][2026-01-13T11:03:25]i360: Creating a system restore point.
[0998:5D08][2026-01-13T11:03:25]i361: Created a system restore point.
[3940:09F8][2026-01-13T11:03:25]i371: Updating session, registration key: SOFTWARE\Microsoft\Windows\CurrentVersion\Uninstall\{ed272925-4f75-4579-80e7-7af7470274c5}, resume: Active, restart initiated: No, disable resume: No
[0998:31DC][2026-01-13T11:03:25]i305: Verified acquired payload: core_AllUsers at path: C:\ProgramData\Package Cache\.unverified\core_AllUsers, moving to: C:\ProgramData\Package Cache\{65D1D415-E699-4A82-8D6D-F8B7488D9954}v3.11.6150.0\core.msi.
[0998:5D08][2026-01-13T11:03:25]i301: Applying execute package: core_AllUsers, action: Install, path: C:\ProgramData\Package Cache\{65D1D415-E699-4A82-8D6D-F8B7488D9954}v3.11.6150.0\core.msi, arguments: ' ALLUSERS="1" ARPSYSTEMCOMPONENT="1" MSIFASTINSTALL="7" TARGETDIR="C:\Users\falhe\AppData\Local\Programs\Python\Python311\" OPTIONALFEATURESREGISTRYKEY="Software\Python\PythonCore\3.11\InstalledFeatures"'
[0998:31DC][2026-01-13T11:03:25]i305: Verified acquired payload: exe_AllUsers at path: C:\ProgramData\Package Cache\.unverified\exe_AllUsers, moving to: C:\ProgramData\Package Cache\{2CCD08A5-5FA3-4218-964E-6426FA3F28E8}v3.11.6150.0\exe.msi.
[0998:31DC][2026-01-13T11:03:25]i305: Verified acquired payload: dev_AllUsers at path: C:\ProgramData\Package Cache\.unverified\dev_AllUsers, moving to: C:\ProgramData\Package Cache\{DDC730D4-A94C-4C97-89D6-B7F532413A73}v3.11.6150.0\dev.msi.
[0998:31DC][2026-01-13T11:03:25]i304: Verified existing payload: lib_AllUsers at path: C:\ProgramData\Package Cache\{2BB7BEBF-308B-4A9D-B1E0-1BBE7C8F5EA4}v3.11.6150.0\lib.msi.
[0998:31DC][2026-01-13T11:03:25]i304: Verified existing payload: test_AllUsers at path: C:\ProgramData\Package Cache\{6FAD6842-68E9-4804-887D-52762A67617D}v3.11.6150.0\test.msi.
[0998:31DC][2026-01-13T11:03:25]i304: Verified existing payload: doc_AllUsers at path: C:\ProgramData\Package Cache\{A5731924-4225-4B73-BEEB-4A575133E8BB}v3.11.6150.0\doc.msi.
[0998:31DC][2026-01-13T11:03:25]i304: Verified existing payload: tools_AllUsers at path: C:\ProgramData\Package Cache\{EA60D78B-BB3E-44EB-94B7-AF50586E79D9}v3.11.6150.0\tools.msi.
[0998:31DC][2026-01-13T11:03:25]i304: Verified existing payload: tcltk_AllUsers at path: C:\ProgramData\Package Cache\{5BC2F455-DDC6-468D-A7CE-2982DDAFBC77}v3.11.6150.0\tcltk.msi.
[0998:31DC][2026-01-13T11:03:25]i304: Verified existing payload: pip_AllUsers at path: C:\ProgramData\Package Cache\{774C54C9-575B-4611-81C5-06466534F750}v3.11.6150.0\pip.msi.
[0998:31DC][2026-01-13T11:03:25]i304: Verified existing payload: path_AllUsers at path: C:\ProgramData\Package Cache\{394D0771-3A30-4182-BB5A-C502D858E9BA}v3.11.6150.0\path.msi.
[0998:5D08][2026-01-13T11:03:25]w355: Unable to register source directory: C:\ProgramData\Package Cache\{65D1D415-E699-4A82-8D6D-F8B7488D9954}v3.11.6150.0\, product: {65D1D415-E699-4A82-8D6D-F8B7488D9954}, reason: 0x80070645. Continuing...
[3940:09F8][2026-01-13T11:03:25]i319: Applied execute package: core_AllUsers, result: 0x0, restart: None
[3940:09F8][2026-01-13T11:03:25]i326: Removed dependency: {ed272925-4f75-4579-80e7-7af7470274c5} on package provider: {65D1D415-E699-4A82-8D6D-F8B7488D9954}, package core_JustForMe
[3940:09F8][2026-01-13T11:03:25]i329: Removed package dependency provider: {65D1D415-E699-4A82-8D6D-F8B7488D9954}, package: core_JustForMe
[3940:09F8][2026-01-13T11:03:25]i301: Applying execute package: core_JustForMe, action: Uninstall, path: (null), arguments: ' ARPSYSTEMCOMPONENT="1" MSIFASTINSTALL="7" TARGETDIR="C:\Users\falhe\AppData\Local\Programs\Python\Python311\" OPTIONALFEATURESREGISTRYKEY="Software\Python\PythonCore\3.11\InstalledFeatures"'
[3940:09F8][2026-01-13T11:03:26]i319: Applied execute package: core_JustForMe, result: 0x0, restart: None
[0998:5D08][2026-01-13T11:03:26]i301: Applying execute package: exe_AllUsers, action: Install, path: C:\ProgramData\Package Cache\{2CCD08A5-5FA3-4218-964E-6426FA3F28E8}v3.11.6150.0\exe.msi, arguments: ' ALLUSERS="1" ARPSYSTEMCOMPONENT="1" MSIFASTINSTALL="7" TARGETDIR="C:\Users\falhe\AppData\Local\Programs\Python\Python311\" OPTIONALFEATURESREGISTRYKEY="Software\Python\PythonCore\3.11\InstalledFeatures" ADDLOCAL="DefaultFeature,Shortcuts"'
[0998:5D08][2026-01-13T11:03:26]w355: Unable to register source directory: C:\ProgramData\Package Cache\{2CCD08A5-5FA3-4218-964E-6426FA3F28E8}v3.11.6150.0\, product: {2CCD08A5-5FA3-4218-964E-6426FA3F28E8}, reason: 0x80070645. Continuing...
[3940:09F8][2026-01-13T11:03:26]i319: Applied execute package: exe_AllUsers, result: 0x0, restart: None
[3940:09F8][2026-01-13T11:03:26]i326: Removed dependency: {ed272925-4f75-4579-80e7-7af7470274c5} on package provider: {2CCD08A5-5FA3-4218-964E-6426FA3F28E8}, package exe_JustForMe
[3940:09F8][2026-01-13T11:03:26]i329: Removed package dependency provider: {2CCD08A5-5FA3-4218-964E-6426FA3F28E8}, package: exe_JustForMe
[3940:09F8][2026-01-13T11:03:26]i301: Applying execute package: exe_JustForMe, action: Uninstall, path: (null), arguments: ' ARPSYSTEMCOMPONENT="1" MSIFASTINSTALL="7" TARGETDIR="C:\Users\falhe\AppData\Local\Programs\Python\Python311\" OPTIONALFEATURESREGISTRYKEY="Software\Python\PythonCore\3.11\InstalledFeatures"'
[3940:09F8][2026-01-13T11:03:26]i319: Applied execute package: exe_JustForMe, result: 0x0, restart: None
[0998:5D08][2026-01-13T11:03:26]i301: Applying execute package: dev_AllUsers, action: Install, path: C:\ProgramData\Package Cache\{DDC730D4-A94C-4C97-89D6-B7F532413A73}v3.11.6150.0\dev.msi, arguments: ' ALLUSERS="1" ARPSYSTEMCOMPONENT="1" MSIFASTINSTALL="7" TARGETDIR="C:\Users\falhe\AppData\Local\Programs\Python\Python311\" OPTIONALFEATURESREGISTRYKEY="Software\Python\PythonCore\3.11\InstalledFeatures"'
[0998:5D08][2026-01-13T11:03:27]e000: Error 0x80070641: Failed to install MSI package.
[0998:5D08][2026-01-13T11:03:27]e000: Error 0x80070641: Failed to execute MSI package.
[3940:09F8][2026-01-13T11:03:27]e000: Error 0x80070641: Failed to configure per-machine MSI package.
[3940:09F8][2026-01-13T11:03:27]w348: Application requested retry of package: dev_AllUsers, encountered error: 0x80070641. Retrying...
[0998:5D08][2026-01-13T11:03:30]i301: Applying execute package: dev_AllUsers, action: Install, path: C:\ProgramData\Package Cache\{DDC730D4-A94C-4C97-89D6-B7F532413A73}v3.11.6150.0\dev.msi, arguments: ' ALLUSERS="1" ARPSYSTEMCOMPONENT="1" MSIFASTINSTALL="7" TARGETDIR="C:\Users\falhe\AppData\Local\Programs\Python\Python311\" OPTIONALFEATURESREGISTRYKEY="Software\Python\PythonCore\3.11\InstalledFeatures"'
[0998:5D08][2026-01-13T11:03:30]e000: Error 0x80070643: Failed to install MSI package.
[0998:5D08][2026-01-13T11:03:30]e000: Error 0x80070643: Failed to execute MSI package.
[3940:09F8][2026-01-13T11:03:30]e000: Error 0x80070643: Failed to configure per-machine MSI package.
[3940:09F8][2026-01-13T11:03:30]i319: Applied execute package: dev_AllUsers, result: 0x80070643, restart: None
[3940:09F8][2026-01-13T11:03:30]e000: Error 0x80070643: Failed to execute MSI package.
[0998:5D08][2026-01-13T11:03:30]i318: Skipped rollback of package: dev_AllUsers, action: Uninstall, already: Absent
[3940:09F8][2026-01-13T11:03:30]i319: Applied rollback package: dev_AllUsers, result: 0x0, restart: None
[0998:5D08][2026-01-13T11:03:30]i351: Removing cached package: dev_AllUsers, from path: C:\ProgramData\Package Cache\{DDC730D4-A94C-4C97-89D6-B7F532413A73}v3.11.6150.0\
[3940:09F8][2026-01-13T11:03:30]i301: Applying rollback package: exe_JustForMe, action: Install, path: C:\Users\falhe\AppData\Local\Package Cache\{2CCD08A5-5FA3-4218-964E-6426FA3F28E8}v3.11.6150.0\exe.msi, arguments: ' ARPSYSTEMCOMPONENT="1" MSIFASTINSTALL="7" TARGETDIR="C:\Users\falhe\AppData\Local\Programs\Python\Python311\" OPTIONALFEATURESREGISTRYKEY="Software\Python\PythonCore\3.11\InstalledFeatures"'
[3940:09F8][2026-01-13T11:03:30]i319: Applied rollback package: exe_JustForMe, result: 0x0, restart: None
[3940:09F8][2026-01-13T11:03:30]i323: Registering package dependency provider: {2CCD08A5-5FA3-4218-964E-6426FA3F28E8}, version: 3.11.6150.0, package: exe_JustForMe
[3940:09F8][2026-01-13T11:03:30]i325: Registering dependency: {ed272925-4f75-4579-80e7-7af7470274c5} on package provider: {2CCD08A5-5FA3-4218-964E-6426FA3F28E8}, package: exe_JustForMe
[0998:5D08][2026-01-13T11:03:30]i318: Skipped rollback of package: exe_AllUsers, action: Uninstall, already: Absent
[3940:09F8][2026-01-13T11:03:30]i319: Applied rollback package: exe_AllUsers, result: 0x0, restart: None
[0998:5D08][2026-01-13T11:03:30]i351: Removing cached package: exe_AllUsers, from path: C:\ProgramData\Package Cache\{2CCD08A5-5FA3-4218-964E-6426FA3F28E8}v3.11.6150.0\
[3940:09F8][2026-01-13T11:03:30]i301: Applying rollback package: core_JustForMe, action: Install, path: C:\Users\falhe\AppData\Local\Package Cache\{65D1D415-E699-4A82-8D6D-F8B7488D9954}v3.11.6150.0\core.msi, arguments: ' ARPSYSTEMCOMPONENT="1" MSIFASTINSTALL="7" TARGETDIR="C:\Users\falhe\AppData\Local\Programs\Python\Python311\" OPTIONALFEATURESREGISTRYKEY="Software\Python\PythonCore\3.11\InstalledFeatures"'
[3940:09F8][2026-01-13T11:03:30]i319: Applied rollback package: core_JustForMe, result: 0x0, restart: None
[3940:09F8][2026-01-13T11:03:30]i323: Registering package dependency provider: {65D1D415-E699-4A82-8D6D-F8B7488D9954}, version: 3.11.6150.0, package: core_JustForMe
[3940:09F8][2026-01-13T11:03:30]i325: Registering dependency: {ed272925-4f75-4579-80e7-7af7470274c5} on package provider: {65D1D415-E699-4A82-8D6D-F8B7488D9954}, package: core_JustForMe
[0998:5D08][2026-01-13T11:03:30]i318: Skipped rollback of package: core_AllUsers, action: Uninstall, already: Absent
[3940:09F8][2026-01-13T11:03:30]i319: Applied rollback package: core_AllUsers, result: 0x0, restart: None
[0998:5D08][2026-01-13T11:03:30]i351: Removing cached package: core_AllUsers, from path: C:\ProgramData\Package Cache\{65D1D415-E699-4A82-8D6D-F8B7488D9954}v3.11.6150.0\
[3940:09F8][2026-01-13T11:03:30]i372: Session end, registration key: SOFTWARE\Microsoft\Windows\CurrentVersion\Uninstall\{ed272925-4f75-4579-80e7-7af7470274c5}, resume: ARP, restart: None, disable resume: No
[3940:09F8][2026-01-13T11:03:30]i371: Updating session, registration key: SOFTWARE\Microsoft\Windows\CurrentVersion\Uninstall\{ed272925-4f75-4579-80e7-7af7470274c5}, resume: ARP, restart initiated: No, disable resume: No
[3940:09F8][2026-01-13T11:03:30]i399: Apply complete, result: 0x80070643, restart: None, ba requested restart:  No
[3940:09F8][2026-01-13T11:03:30]i500: Shutting down, exit code: 0x643
[3940:09F8][2026-01-13T11:03:30]i410: Variable: ActionLikeInstallation = Modify
[3940:09F8][2026-01-13T11:03:30]i410: Variable: ActionLikeInstalling = Updating
[3940:09F8][2026-01-13T11:03:30]i410: Variable: AppendPath = 0
[3940:09F8][2026-01-13T11:03:30]i410: Variable: AssociateFiles = 1
[3940:09F8][2026-01-13T11:03:30]i410: Variable: CompileAll = 0
[3940:09F8][2026-01-13T11:03:30]i410: Variable: CRTInstalled = 1
[3940:09F8][2026-01-13T11:03:30]i410: Variable: CustomBrowseButtonState = enabled
[3940:09F8][2026-01-13T11:03:30]i410: Variable: CustomInstallLauncherAllUsersState = disable
[3940:09F8][2026-01-13T11:03:30]i410: Variable: DefaultAllUsersTargetDir = C:\Program Files\Python311
[3940:09F8][2026-01-13T11:03:30]i410: Variable: DefaultCustomTargetDir = 
[3940:09F8][2026-01-13T11:03:30]i410: Variable: DefaultJustForMeTargetDir = C:\Users\falhe\AppData\Local\Programs\Python\Python311
[3940:09F8][2026-01-13T11:03:30]i410: Variable: DetectedLauncher = 1
[3940:09F8][2026-01-13T11:03:30]i410: Variable: DetectedOldLauncher = 0
[3940:09F8][2026-01-13T11:03:30]i410: Variable: Include_core = 1
[3940:09F8][2026-01-13T11:03:30]i410: Variable: Include_debug = 0
[3940:09F8][2026-01-13T11:03:30]i410: Variable: Include_dev = 1
[3940:09F8][2026-01-13T11:03:30]i410: Variable: Include_doc = 1
[3940:09F8][2026-01-13T11:03:30]i410: Variable: Include_exe = 1
[3940:09F8][2026-01-13T11:03:30]i410: Variable: Include_launcher = 1
[3940:09F8][2026-01-13T11:03:30]i410: Variable: Include_launcherState = disable
[3940:09F8][2026-01-13T11:03:30]i410: Variable: Include_lib = 1
[3940:09F8][2026-01-13T11:03:30]i410: Variable: Include_pip = 1
[3940:09F8][2026-01-13T11:03:30]i410: Variable: Include_symbols = 0
[3940:09F8][2026-01-13T11:03:30]i410: Variable: Include_tcltk = 1
[3940:09F8][2026-01-13T11:03:30]i410: Variable: Include_test = 1
[3940:09F8][2026-01-13T11:03:30]i410: Variable: Include_tools = 1
[3940:09F8][2026-01-13T11:03:30]i410: Variable: InstallAllUsers = 1
[3940:09F8][2026-01-13T11:03:30]i410: Variable: InstallAllUsersState = disable
[3940:09F8][2026-01-13T11:03:30]i410: Variable: InstallLauncherAllUsers = 1
[3940:09F8][2026-01-13T11:03:30]i410: Variable: InstallLauncherAllUsersState = disable
[3940:09F8][2026-01-13T11:03:30]i410: Variable: LauncherOnly = 0
[3940:09F8][2026-01-13T11:03:30]i410: Variable: LocalAppDataFolder = C:\Users\falhe\AppData\Local\
[3940:09F8][2026-01-13T11:03:30]i410: Variable: OptionalFeaturesRegistryKey = Software\Python\PythonCore\3.11\InstalledFeatures
[3940:09F8][2026-01-13T11:03:30]i410: Variable: PrependPath = 1
[3940:09F8][2026-01-13T11:03:30]i410: Variable: ProgramFiles64Folder = C:\Program Files\
[3940:09F8][2026-01-13T11:03:30]i410: Variable: Shortcuts = 1
[3940:09F8][2026-01-13T11:03:30]i410: Variable: ShortVersion = 3.11
[3940:09F8][2026-01-13T11:03:30]i410: Variable: ShortVersionNoDot = 311
[3940:09F8][2026-01-13T11:03:30]i410: Variable: SimpleInstall = 0
[3940:09F8][2026-01-13T11:03:30]i410: Variable: SimpleInstallDescription = 
[3940:09F8][2026-01-13T11:03:30]i410: Variable: TargetDir = C:\Users\falhe\AppData\Local\Programs\Python\Python311\
[3940:09F8][2026-01-13T11:03:30]i410: Variable: TargetDirRegistryKey = Software\Python\PythonCore\3.11\InstallPath
[3940:09F8][2026-01-13T11:03:30]i410: Variable: TargetDirState = enabled
[3940:09F8][2026-01-13T11:03:30]i410: Variable: TargetPlatform = x64
[3940:09F8][2026-01-13T11:03:30]i410: Variable: WinVer = 3.11
[3940:09F8][2026-01-13T11:03:30]i410: Variable: WinVerNoDot = 311
[3940:09F8][2026-01-13T11:03:30]i410: Variable: WixBundleAction = 6
[3940:09F8][2026-01-13T11:03:30]i410: Variable: WixBundleElevated = 1
[3940:09F8][2026-01-13T11:03:30]i410: Variable: WixBundleFileVersion = 3.11.6150.0
[3940:09F8][2026-01-13T11:03:30]i410: Variable: WixBundleInstalled = 1
[3940:09F8][2026-01-13T11:03:30]i410: Variable: WixBundleLog = C:\Users\falhe\Downloads\delusional-fix-libs\delusional-fix-libs\install-python.log
[3940:09F8][2026-01-13T11:03:30]i410: Variable: WixBundleLog_core_AllUsers = C:\Users\falhe\Downloads\delusional-fix-libs\delusional-fix-libs\install-python_000_core_AllUsers.log
[3940:09F8][2026-01-13T11:03:30]i410: Variable: WixBundleLog_core_JustForMe = C:\Users\falhe\Downloads\delusional-fix-libs\delusional-fix-libs\install-python_001_core_JustForMe.log
[3940:09F8][2026-01-13T11:03:30]i410: Variable: WixBundleLog_dev_AllUsers = C:\Users\falhe\Downloads\delusional-fix-libs\delusional-fix-libs\install-python_004_dev_AllUsers.log
[3940:09F8][2026-01-13T11:03:30]i410: Variable: WixBundleLog_dev_JustForMe = C:\Users\falhe\Downloads\delusional-fix-libs\delusional-fix-libs\install-python_005_dev_JustForMe.log
[3940:09F8][2026-01-13T11:03:30]i410: Variable: WixBundleLog_doc_AllUsers = C:\Users\falhe\Downloads\delusional-fix-libs\delusional-fix-libs\install-python_010_doc_AllUsers.log
[3940:09F8][2026-01-13T11:03:30]i410: Variable: WixBundleLog_doc_JustForMe = C:\Users\falhe\Downloads\delusional-fix-libs\delusional-fix-libs\install-python_011_doc_JustForMe.log
[3940:09F8][2026-01-13T11:03:30]i410: Variable: WixBundleLog_exe_AllUsers = C:\Users\falhe\Downloads\delusional-fix-libs\delusional-fix-libs\install-python_002_exe_AllUsers.log
[3940:09F8][2026-01-13T11:03:30]i410: Variable: WixBundleLog_exe_JustForMe = C:\Users\falhe\Downloads\delusional-fix-libs\delusional-fix-libs\install-python_003_exe_JustForMe.log
[3940:09F8][2026-01-13T11:03:30]i410: Variable: WixBundleLog_lib_AllUsers = C:\Users\falhe\Downloads\delusional-fix-libs\delusional-fix-libs\install-python_006_lib_AllUsers.log
[3940:09F8][2026-01-13T11:03:30]i410: Variable: WixBundleLog_lib_JustForMe = C:\Users\falhe\Downloads\delusional-fix-libs\delusional-fix-libs\install-python_007_lib_JustForMe.log
[3940:09F8][2026-01-13T11:03:30]i410: Variable: WixBundleLog_path_AllUsers = C:\Users\falhe\Downloads\delusional-fix-libs\delusional-fix-libs\install-python_018_path_AllUsers.log
[3940:09F8][2026-01-13T11:03:30]i410: Variable: WixBundleLog_path_JustForMe = C:\Users\falhe\Downloads\delusional-fix-libs\delusional-fix-libs\install-python_019_path_JustForMe.log
[3940:09F8][2026-01-13T11:03:30]i410: Variable: WixBundleLog_pip_AllUsers = C:\Users\falhe\Downloads\delusional-fix-libs\delusional-fix-libs\install-python_016_pip_AllUsers.log
[3940:09F8][2026-01-13T11:03:30]i410: Variable: WixBundleLog_pip_JustForMe = C:\Users\falhe\Downloads\delusional-fix-libs\delusional-fix-libs\install-python_017_pip_JustForMe.log
[3940:09F8][2026-01-13T11:03:30]i410: Variable: WixBundleLog_tcltk_AllUsers = C:\Users\falhe\Downloads\delusional-fix-libs\delusional-fix-libs\install-python_014_tcltk_AllUsers.log
[3940:09F8][2026-01-13T11:03:30]i410: Variable: WixBundleLog_tcltk_JustForMe = C:\Users\falhe\Downloads\delusional-fix-libs\delusional-fix-libs\install-python_015_tcltk_JustForMe.log
[3940:09F8][2026-01-13T11:03:30]i410: Variable: WixBundleLog_test_AllUsers = C:\Users\falhe\Downloads\delusional-fix-libs\delusional-fix-libs\install-python_008_test_AllUsers.log
[3940:09F8][2026-01-13T11:03:30]i410: Variable: WixBundleLog_test_JustForMe = C:\Users\falhe\Downloads\delusional-fix-libs\delusional-fix-libs\install-python_009_test_JustForMe.log
[3940:09F8][2026-01-13T11:03:30]i410: Variable: WixBundleLog_tools_AllUsers = C:\Users\falhe\Downloads\delusional-fix-libs\delusional-fix-libs\install-python_012_tools_AllUsers.log
[3940:09F8][2026-01-13T11:03:30]i410: Variable: WixBundleLog_tools_JustForMe = C:\Users\falhe\Downloads\delusional-fix-libs\delusional-fix-libs\install-python_013_tools_JustForMe.log
[3940:09F8][2026-01-13T11:03:30]i410: Variable: WixBundleManufacturer = Python Software Foundation
[3940:09F8][2026-01-13T11:03:30]i410: Variable: WixBundleName = Python 3.11.6 (64-bit)
[3940:09F8][2026-01-13T11:03:30]i410: Variable: WixBundleOriginalSource = C:\Users\falhe\Downloads\delusional-fix-libs\delusional-fix-libs\python-3.11.6-amd64.exe
[3940:09F8][2026-01-13T11:03:30]i410: Variable: WixBundleOriginalSourceFolder = C:\Users\falhe\Downloads\delusional-fix-libs\delusional-fix-libs\
[3940:09F8][2026-01-13T11:03:30]i410: Variable: WixBundleProviderKey = CPython-3.11
[3940:09F8][2026-01-13T11:03:30]i410: Variable: WixBundleRollbackLog_core_AllUsers = C:\Users\falhe\Downloads\delusional-fix-libs\delusional-fix-libs\install-python_000_core_AllUsers_rollback.log
[3940:09F8][2026-01-13T11:03:30]i410: Variable: WixBundleRollbackLog_core_JustForMe = C:\Users\falhe\Downloads\delusional-fix-libs\delusional-fix-libs\install-python_001_core_JustForMe_rollback.log
[3940:09F8][2026-01-13T11:03:30]i410: Variable: WixBundleRollbackLog_dev_AllUsers = C:\Users\falhe\Downloads\delusional-fix-libs\delusional-fix-libs\install-python_004_dev_AllUsers_rollback.log
[3940:09F8][2026-01-13T11:03:30]i410: Variable: WixBundleRollbackLog_dev_JustForMe = C:\Users\falhe\Downloads\delusional-fix-libs\delusional-fix-libs\install-python_005_dev_JustForMe_rollback.log
[3940:09F8][2026-01-13T11:03:30]i410: Variable: WixBundleRollbackLog_doc_AllUsers = C:\Users\falhe\Downloads\delusional-fix-libs\delusional-fix-libs\install-python_010_doc_AllUsers_rollback.log
[3940:09F8][2026-01-13T11:03:30]i410: Variable: WixBundleRollbackLog_doc_JustForMe = C:\Users\falhe\Downloads\delusional-fix-libs\delusional-fix-libs\install-python_011_doc_JustForMe_rollback.log
[3940:09F8][2026-01-13T11:03:30]i410: Variable: WixBundleRollbackLog_exe_AllUsers = C:\Users\falhe\Downloads\delusional-fix-libs\delusional-fix-libs\install-python_002_exe_AllUsers_rollback.log
[3940:09F8][2026-01-13T11:03:30]i410: Variable: WixBundleRollbackLog_exe_JustForMe = C:\Users\falhe\Downloads\delusional-fix-libs\delusional-fix-libs\install-python_003_exe_JustForMe_rollback.log
[3940:09F8][2026-01-13T11:03:30]i410: Variable: WixBundleRollbackLog_lib_AllUsers = C:\Users\falhe\Downloads\delusional-fix-libs\delusional-fix-libs\install-python_006_lib_AllUsers_rollback.log
[3940:09F8][2026-01-13T11:03:30]i410: Variable: WixBundleRollbackLog_lib_JustForMe = C:\Users\falhe\Downloads\delusional-fix-libs\delusional-fix-libs\install-python_007_lib_JustForMe_rollback.log
[3940:09F8][2026-01-13T11:03:30]i410: Variable: WixBundleRollbackLog_path_AllUsers = C:\Users\falhe\Downloads\delusional-fix-libs\delusional-fix-libs\install-python_018_path_AllUsers_rollback.log
[3940:09F8][2026-01-13T11:03:30]i410: Variable: WixBundleRollbackLog_path_JustForMe = C:\Users\falhe\Downloads\delusional-fix-libs\delusional-fix-libs\install-python_019_path_JustForMe_rollback.log
[3940:09F8][2026-01-13T11:03:30]i410: Variable: WixBundleRollbackLog_pip_AllUsers = C:\Users\falhe\Downloads\delusional-fix-libs\delusional-fix-libs\install-python_016_pip_AllUsers_rollback.log
[3940:09F8][2026-01-13T11:03:30]i410: Variable: WixBundleRollbackLog_pip_JustForMe = C:\Users\falhe\Downloads\delusional-fix-libs\delusional-fix-libs\install-python_017_pip_JustForMe_rollback.log
[3940:09F8][2026-01-13T11:03:30]i410: Variable: WixBundleRollbackLog_tcltk_AllUsers = C:\Users\falhe\Downloads\delusional-fix-libs\delusional-fix-libs\install-python_014_tcltk_AllUsers_rollback.log
[3940:09F8][2026-01-13T11:03:30]i410: Variable: WixBundleRollbackLog_tcltk_JustForMe = C:\Users\falhe\Downloads\delusional-fix-libs\delusional-fix-libs\install-python_015_tcltk_JustForMe_rollback.log
[3940:09F8][2026-01-13T11:03:30]i410: Variable: WixBundleRollbackLog_test_AllUsers = C:\Users\falhe\Downloads\delusional-fix-libs\delusional-fix-libs\install-python_008_test_AllUsers_rollback.log
[3940:09F8][2026-01-13T11:03:30]i410: Variable: WixBundleRollbackLog_test_JustForMe = C:\Users\falhe\Downloads\delusional-fix-libs\delusional-fix-libs\install-python_009_test_JustForMe_rollback.log
[3940:09F8][2026-01-13T11:03:30]i410: Variable: WixBundleRollbackLog_tools_AllUsers = C:\Users\falhe\Downloads\delusional-fix-libs\delusional-fix-libs\install-python_012_tools_AllUsers_rollback.log
[3940:09F8][2026-01-13T11:03:30]i410: Variable: WixBundleRollbackLog_tools_JustForMe = C:\Users\falhe\Downloads\delusional-fix-libs\delusional-fix-libs\install-python_013_tools_JustForMe_rollback.log
[3940:09F8][2026-01-13T11:03:30]i410: Variable: WixBundleSourceProcessFolder = C:\Users\falhe\Downloads\delusional-fix-libs\delusional-fix-libs\
[3940:09F8][2026-01-13T11:03:30]i410: Variable: WixBundleSourceProcessPath = C:\Users\falhe\Downloads\delusional-fix-libs\delusional-fix-libs\python-3.11.6-amd64.exe
[3940:09F8][2026-01-13T11:03:30]i410: Variable: WixBundleTag = 
[3940:09F8][2026-01-13T11:03:30]i410: Variable: WixBundleUILevel = 2
[3940:09F8][2026-01-13T11:03:30]i410: Variable: WixBundleVersion = 3.11.6150.0
[3940:09F8][2026-01-13T11:03:30]i007: Exit code: 0x643, restarting: No
